# ELBREAD: Elaboration process.
# ELBREAD: Elaboration time 0.0 [s].
asim -advdataflow  proiect_ent proiect_arh
# ELBREAD: Elaboration process.
# ELBREAD: Elaboration time 0.0 [s].
# asim: Stack memory: 32MB
# asim: Retval memory: 32MB
acom $DSN/src/main.vhd
# Compile...
# File: c:\My_Designs\Lab_DSD\proiect_DSD\src\main.vhd
# Compile Entity "proiect_ent"
# Compile Architecture "proiect_arh" of Entity "proiect_ent"
# Compile success 0 Errors 0 Warnings  Analysis time :  0.3 [s]
# ELBREAD: Elaboration process.
# ELBREAD: Elaboration time 0.0 [s].
# KERNEL: Main thread initiated.
# KERNEL: Kernel process initialization phase.
# KERNEL: Time resolution set to 1ps.
# ELAB2: Elaboration final pass...
# ELAB2: Create instances ...
# ELAB2: Create instances complete.
# ELAB2: Elaboration final pass complete - time: 0.3 [s].
# KERNEL: Kernel process initialization done.
# Allocation: Simulator allocated 2426 kB (elbread=1070 elab2=307 kernel=1049 sdf=0)
# 14:20, 25 May 2022
# Simulation has been initialized
# Selected Top-Level: proiect_ent (proiect_arh)
run 20 ns
# KERNEL: stopped at time: 20 ns
run
run
run 20 ns
endsim
# All when statements cleared.
# KERNEL: stopped at time: 594225700 ns
# Simulation has been stopped
asim -advdataflow  proiect_ent proiect_arh
# ELBREAD: Elaboration process.
# ELBREAD: Elaboration time 0.0 [s].
# asim: Stack memory: 32MB
# asim: Retval memory: 32MB
# KERNEL: Main thread initiated.
# KERNEL: Kernel process initialization phase.
# KERNEL: Time resolution set to 1ps.
# ELAB2: Elaboration final pass...
# ELAB2: Create instances ...
# ELAB2: Create instances complete.
# ELAB2: Elaboration final pass complete - time: 0.3 [s].
# KERNEL: Kernel process initialization done.
# Allocation: Simulator allocated 2426 kB (elbread=1070 elab2=307 kernel=1049 sdf=0)
# 14:45, 25 May 2022
# Simulation has been initialized
# Selected Top-Level: proiect_ent (proiect_arh)
run 20 ns
# KERNEL: stopped at time: 20 ns
run 20 ns
# KERNEL: stopped at time: 40 ns
run 20 ns
# KERNEL: stopped at time: 60 ns
run 20 ns
# KERNEL: stopped at time: 80 ns
run 20 ns
# KERNEL: stopped at time: 100 ns
run 20 ns
# KERNEL: stopped at time: 120 ns
run 20 ns
# KERNEL: stopped at time: 140 ns
endsim
# All when statements cleared.
# Simulation has been stopped
asim -advdataflow  proiect_ent proiect_arh
# ELBREAD: Elaboration process.
# ELBREAD: Elaboration time 0.0 [s].
# asim: Stack memory: 32MB
# asim: Retval memory: 32MB
# KERNEL: Main thread initiated.
# KERNEL: Kernel process initialization phase.
# KERNEL: Time resolution set to 1ps.
# ELAB2: Elaboration final pass...
# ELAB2: Create instances ...
# ELAB2: Create instances complete.
# ELAB2: Elaboration final pass complete - time: 0.2 [s].
# KERNEL: Kernel process initialization done.
# Allocation: Simulator allocated 2426 kB (elbread=1070 elab2=307 kernel=1049 sdf=0)
# 14:46, 25 May 2022
# Simulation has been initialized
# Selected Top-Level: proiect_ent (proiect_arh)
run 100 ns
# KERNEL: stopped at time: 100 ns
run 100 ns
# KERNEL: stopped at time: 200 ns
run 100 ns
# KERNEL: stopped at time: 300 ns
run 100 ns
# KERNEL: stopped at time: 400 ns
run 100 ns
# KERNEL: stopped at time: 500 ns
run 100 ns
# KERNEL: stopped at time: 600 ns
# Simulation has been stopped
