
*** Running vivado
    with args -log TopEntity.vds -m64 -product Vivado -mode batch -messageDb vivado.pb -notrace -source TopEntity.tcl



****** Vivado v2022.2 (64-bit)
  **** SW Build 3671981 on Fri Oct 14 05:00:03 MDT 2022
  **** IP Build 3669848 on Fri Oct 14 08:30:02 MDT 2022
    ** Copyright 1986-2022 Xilinx, Inc. All Rights Reserved.

source TopEntity.tcl -notrace
create_project: Time (s): cpu = 00:00:06 ; elapsed = 00:00:06 . Memory (MB): peak = 394.590 ; gain = 55.090
Command: read_checkpoint -auto_incremental -incremental C:/Users/bogdi/OneDrive/Desktop/SCS/Project/Proiect_SCS/Proiect_SCS.srcs/utils_1/imports/synth_1/ALU1.dcp
INFO: [Vivado 12-5825] Read reference checkpoint from C:/Users/bogdi/OneDrive/Desktop/SCS/Project/Proiect_SCS/Proiect_SCS.srcs/utils_1/imports/synth_1/ALU1.dcp for incremental synthesis
INFO: [Vivado 12-7989] Please ensure there are no constraint changes
Command: synth_design -top TopEntity -part xc7a35tcpg236-1
Starting synth_design
Attempting to get a license for feature 'Synthesis' and/or device 'xc7a35t'
INFO: [Common 17-349] Got license for feature 'Synthesis' and/or device 'xc7a35t'
INFO: [Device 21-403] Loading part xc7a35tcpg236-1
INFO: [Designutils 20-5440] No compile time benefit to using incremental synthesis; A full resynthesis will be run
INFO: [Designutils 20-4379] Flow is switching to default flow due to incremental criteria not met. If you would like to alter this behaviour and have the flow terminate instead, please set the following parameter config_implementation {autoIncr.Synth.RejectBehavior Terminate}
INFO: [Synth 8-7079] Multithreading enabled for synth_design using a maximum of 2 processes.
INFO: [Synth 8-7078] Launching helper process for spawning children vivado processes
INFO: [Synth 8-7075] Helper process launched with PID 13660
INFO: [Synth 8-11241] undeclared symbol 'REGCCE', assumed default net type 'wire' [F:/Vivado/2022.2/data/verilog/src/unimacro/BRAM_SINGLE_MACRO.v:2170]
---------------------------------------------------------------------------------
Starting RTL Elaboration : Time (s): cpu = 00:00:07 ; elapsed = 00:00:07 . Memory (MB): peak = 1205.918 ; gain = 408.762
---------------------------------------------------------------------------------
INFO: [Synth 8-638] synthesizing module 'TopEntity' [C:/Users/bogdi/OneDrive/Desktop/SCS/Project/Proiect_SCS/Proiect_SCS.srcs/sources_1/new/TopEntity.vhd:43]
INFO: [Synth 8-3491] module 'mono_pulse_generator' declared at 'C:/Users/bogdi/OneDrive/Desktop/SCS/Project/Proiect_SCS/Proiect_SCS.srcs/sources_1/new/mono_pulse_generator.vhd:36' bound to instance 'DebouncerCount' of component 'mono_pulse_generator' [C:/Users/bogdi/OneDrive/Desktop/SCS/Project/Proiect_SCS/Proiect_SCS.srcs/sources_1/new/TopEntity.vhd:115]
INFO: [Synth 8-638] synthesizing module 'mono_pulse_generator' [C:/Users/bogdi/OneDrive/Desktop/SCS/Project/Proiect_SCS/Proiect_SCS.srcs/sources_1/new/mono_pulse_generator.vhd:42]
INFO: [Synth 8-256] done synthesizing module 'mono_pulse_generator' (0#1) [C:/Users/bogdi/OneDrive/Desktop/SCS/Project/Proiect_SCS/Proiect_SCS.srcs/sources_1/new/mono_pulse_generator.vhd:42]
INFO: [Synth 8-3491] module 'mono_pulse_generator' declared at 'C:/Users/bogdi/OneDrive/Desktop/SCS/Project/Proiect_SCS/Proiect_SCS.srcs/sources_1/new/mono_pulse_generator.vhd:36' bound to instance 'DebouncerReset' of component 'mono_pulse_generator' [C:/Users/bogdi/OneDrive/Desktop/SCS/Project/Proiect_SCS/Proiect_SCS.srcs/sources_1/new/TopEntity.vhd:116]
INFO: [Synth 8-3491] module 'PC' declared at 'C:/Users/bogdi/OneDrive/Desktop/SCS/Project/Proiect_SCS/Proiect_SCS.srcs/sources_1/new/PC.vhd:35' bound to instance 'ProgramCounter' of component 'PC' [C:/Users/bogdi/OneDrive/Desktop/SCS/Project/Proiect_SCS/Proiect_SCS.srcs/sources_1/new/TopEntity.vhd:117]
INFO: [Synth 8-638] synthesizing module 'PC' [C:/Users/bogdi/OneDrive/Desktop/SCS/Project/Proiect_SCS/Proiect_SCS.srcs/sources_1/new/PC.vhd:42]
INFO: [Synth 8-256] done synthesizing module 'PC' (0#1) [C:/Users/bogdi/OneDrive/Desktop/SCS/Project/Proiect_SCS/Proiect_SCS.srcs/sources_1/new/PC.vhd:42]
INFO: [Synth 8-3491] module 'InstructionRegister' declared at 'C:/Users/bogdi/OneDrive/Desktop/SCS/Project/Proiect_SCS/Proiect_SCS.srcs/sources_1/new/InstructionRegister.vhd:36' bound to instance 'InstructionReg' of component 'InstructionRegister' [C:/Users/bogdi/OneDrive/Desktop/SCS/Project/Proiect_SCS/Proiect_SCS.srcs/sources_1/new/TopEntity.vhd:118]
INFO: [Synth 8-638] synthesizing module 'InstructionRegister' [C:/Users/bogdi/OneDrive/Desktop/SCS/Project/Proiect_SCS/Proiect_SCS.srcs/sources_1/new/InstructionRegister.vhd:41]
INFO: [Synth 8-256] done synthesizing module 'InstructionRegister' (0#1) [C:/Users/bogdi/OneDrive/Desktop/SCS/Project/Proiect_SCS/Proiect_SCS.srcs/sources_1/new/InstructionRegister.vhd:41]
INFO: [Synth 8-3491] module 'ControlUnit' declared at 'C:/Users/bogdi/OneDrive/Desktop/SCS/Project/Proiect_SCS/Proiect_SCS.srcs/sources_1/new/ControlUnit.vhd:34' bound to instance 'MainControlUnit' of component 'ControlUnit' [C:/Users/bogdi/OneDrive/Desktop/SCS/Project/Proiect_SCS/Proiect_SCS.srcs/sources_1/new/TopEntity.vhd:119]
INFO: [Synth 8-638] synthesizing module 'ControlUnit' [C:/Users/bogdi/OneDrive/Desktop/SCS/Project/Proiect_SCS/Proiect_SCS.srcs/sources_1/new/ControlUnit.vhd:42]
INFO: [Synth 8-256] done synthesizing module 'ControlUnit' (0#1) [C:/Users/bogdi/OneDrive/Desktop/SCS/Project/Proiect_SCS/Proiect_SCS.srcs/sources_1/new/ControlUnit.vhd:42]
INFO: [Synth 8-3491] module 'ALU1' declared at 'C:/Users/bogdi/OneDrive/Desktop/SCS/Project/Proiect_SCS/Proiect_SCS.srcs/sources_1/new/ALU1.vhd:37' bound to instance 'ALU_I' of component 'ALU1' [C:/Users/bogdi/OneDrive/Desktop/SCS/Project/Proiect_SCS/Proiect_SCS.srcs/sources_1/new/TopEntity.vhd:120]
INFO: [Synth 8-638] synthesizing module 'ALU1' [C:/Users/bogdi/OneDrive/Desktop/SCS/Project/Proiect_SCS/Proiect_SCS.srcs/sources_1/new/ALU1.vhd:45]
INFO: [Synth 8-256] done synthesizing module 'ALU1' (0#1) [C:/Users/bogdi/OneDrive/Desktop/SCS/Project/Proiect_SCS/Proiect_SCS.srcs/sources_1/new/ALU1.vhd:45]
INFO: [Synth 8-3491] module 'ALU2' declared at 'C:/Users/bogdi/OneDrive/Desktop/SCS/Project/Proiect_SCS/Proiect_SCS.srcs/sources_1/new/ALU2.vhd:36' bound to instance 'ALU_II' of component 'ALU2' [C:/Users/bogdi/OneDrive/Desktop/SCS/Project/Proiect_SCS/Proiect_SCS.srcs/sources_1/new/TopEntity.vhd:122]
INFO: [Synth 8-638] synthesizing module 'ALU2' [C:/Users/bogdi/OneDrive/Desktop/SCS/Project/Proiect_SCS/Proiect_SCS.srcs/sources_1/new/ALU2.vhd:44]
WARNING: [Synth 8-614] signal 'temp' is read in the process but is not in the sensitivity list [C:/Users/bogdi/OneDrive/Desktop/SCS/Project/Proiect_SCS/Proiect_SCS.srcs/sources_1/new/ALU2.vhd:48]
WARNING: [Synth 8-614] signal 'resultaux' is read in the process but is not in the sensitivity list [C:/Users/bogdi/OneDrive/Desktop/SCS/Project/Proiect_SCS/Proiect_SCS.srcs/sources_1/new/ALU2.vhd:48]
INFO: [Synth 8-256] done synthesizing module 'ALU2' (0#1) [C:/Users/bogdi/OneDrive/Desktop/SCS/Project/Proiect_SCS/Proiect_SCS.srcs/sources_1/new/ALU2.vhd:44]
INFO: [Synth 8-3491] module 'Acumulator' declared at 'C:/Users/bogdi/OneDrive/Desktop/SCS/Project/Proiect_SCS/Proiect_SCS.srcs/sources_1/new/Acumulator.vhd:35' bound to instance 'Acumulat' of component 'Acumulator' [C:/Users/bogdi/OneDrive/Desktop/SCS/Project/Proiect_SCS/Proiect_SCS.srcs/sources_1/new/TopEntity.vhd:131]
INFO: [Synth 8-638] synthesizing module 'Acumulator' [C:/Users/bogdi/OneDrive/Desktop/SCS/Project/Proiect_SCS/Proiect_SCS.srcs/sources_1/new/Acumulator.vhd:44]
INFO: [Synth 8-256] done synthesizing module 'Acumulator' (0#1) [C:/Users/bogdi/OneDrive/Desktop/SCS/Project/Proiect_SCS/Proiect_SCS.srcs/sources_1/new/Acumulator.vhd:44]
INFO: [Synth 8-3491] module 'SSD' declared at 'C:/Users/bogdi/OneDrive/Desktop/SCS/Project/Proiect_SCS/Proiect_SCS.srcs/sources_1/new/SSD.vhd:36' bound to instance 'SSD1' of component 'SSD' [C:/Users/bogdi/OneDrive/Desktop/SCS/Project/Proiect_SCS/Proiect_SCS.srcs/sources_1/new/TopEntity.vhd:140]
INFO: [Synth 8-638] synthesizing module 'SSD' [C:/Users/bogdi/OneDrive/Desktop/SCS/Project/Proiect_SCS/Proiect_SCS.srcs/sources_1/new/SSD.vhd:43]
INFO: [Synth 8-226] default block is never used [C:/Users/bogdi/OneDrive/Desktop/SCS/Project/Proiect_SCS/Proiect_SCS.srcs/sources_1/new/SSD.vhd:80]
INFO: [Synth 8-256] done synthesizing module 'SSD' (0#1) [C:/Users/bogdi/OneDrive/Desktop/SCS/Project/Proiect_SCS/Proiect_SCS.srcs/sources_1/new/SSD.vhd:43]
WARNING: [Synth 8-614] signal 'sw' is read in the process but is not in the sensitivity list [C:/Users/bogdi/OneDrive/Desktop/SCS/Project/Proiect_SCS/Proiect_SCS.srcs/sources_1/new/TopEntity.vhd:142]
WARNING: [Synth 8-614] signal 'AluRes' is read in the process but is not in the sensitivity list [C:/Users/bogdi/OneDrive/Desktop/SCS/Project/Proiect_SCS/Proiect_SCS.srcs/sources_1/new/TopEntity.vhd:142]
WARNING: [Synth 8-614] signal 'BInput' is read in the process but is not in the sensitivity list [C:/Users/bogdi/OneDrive/Desktop/SCS/Project/Proiect_SCS/Proiect_SCS.srcs/sources_1/new/TopEntity.vhd:142]
INFO: [Synth 8-256] done synthesizing module 'TopEntity' (0#1) [C:/Users/bogdi/OneDrive/Desktop/SCS/Project/Proiect_SCS/Proiect_SCS.srcs/sources_1/new/TopEntity.vhd:43]
WARNING: [Synth 8-7129] Port instruction[16] in module ControlUnit is either unconnected or has no load
WARNING: [Synth 8-7129] Port instruction[15] in module ControlUnit is either unconnected or has no load
WARNING: [Synth 8-7129] Port instruction[14] in module ControlUnit is either unconnected or has no load
WARNING: [Synth 8-7129] Port instruction[13] in module ControlUnit is either unconnected or has no load
WARNING: [Synth 8-7129] Port instruction[12] in module ControlUnit is either unconnected or has no load
WARNING: [Synth 8-7129] Port instruction[11] in module ControlUnit is either unconnected or has no load
WARNING: [Synth 8-7129] Port instruction[10] in module ControlUnit is either unconnected or has no load
WARNING: [Synth 8-7129] Port instruction[9] in module ControlUnit is either unconnected or has no load
WARNING: [Synth 8-7129] Port instruction[8] in module ControlUnit is either unconnected or has no load
WARNING: [Synth 8-7129] Port instruction[7] in module ControlUnit is either unconnected or has no load
WARNING: [Synth 8-7129] Port instruction[6] in module ControlUnit is either unconnected or has no load
WARNING: [Synth 8-7129] Port instruction[5] in module ControlUnit is either unconnected or has no load
WARNING: [Synth 8-7129] Port instruction[4] in module ControlUnit is either unconnected or has no load
WARNING: [Synth 8-7129] Port instruction[3] in module ControlUnit is either unconnected or has no load
WARNING: [Synth 8-7129] Port instruction[2] in module ControlUnit is either unconnected or has no load
WARNING: [Synth 8-7129] Port instruction[1] in module ControlUnit is either unconnected or has no load
WARNING: [Synth 8-7129] Port btn[4] in module TopEntity is either unconnected or has no load
WARNING: [Synth 8-7129] Port btn[3] in module TopEntity is either unconnected or has no load
WARNING: [Synth 8-7129] Port btn[2] in module TopEntity is either unconnected or has no load
WARNING: [Synth 8-7129] Port sw[7] in module TopEntity is either unconnected or has no load
WARNING: [Synth 8-7129] Port sw[6] in module TopEntity is either unconnected or has no load
WARNING: [Synth 8-7129] Port sw[5] in module TopEntity is either unconnected or has no load
WARNING: [Synth 8-7129] Port sw[4] in module TopEntity is either unconnected or has no load
WARNING: [Synth 8-7129] Port sw[3] in module TopEntity is either unconnected or has no load
WARNING: [Synth 8-7129] Port sw[2] in module TopEntity is either unconnected or has no load
---------------------------------------------------------------------------------
Finished RTL Elaboration : Time (s): cpu = 00:00:10 ; elapsed = 00:00:10 . Memory (MB): peak = 1296.941 ; gain = 499.785
---------------------------------------------------------------------------------
---------------------------------------------------------------------------------
Start Handling Custom Attributes
---------------------------------------------------------------------------------
---------------------------------------------------------------------------------
Finished Handling Custom Attributes : Time (s): cpu = 00:00:10 ; elapsed = 00:00:10 . Memory (MB): peak = 1296.941 ; gain = 499.785
---------------------------------------------------------------------------------
---------------------------------------------------------------------------------
Finished RTL Optimization Phase 1 : Time (s): cpu = 00:00:10 ; elapsed = 00:00:10 . Memory (MB): peak = 1296.941 ; gain = 499.785
---------------------------------------------------------------------------------
Netlist sorting complete. Time (s): cpu = 00:00:00 ; elapsed = 00:00:00.005 . Memory (MB): peak = 1296.941 ; gain = 0.000
INFO: [Project 1-570] Preparing netlist for logic optimization

Processing XDC Constraints
Initializing timing engine
Parsing XDC File [C:/Users/bogdi/OneDrive/Desktop/SCS/Project/Proiect_SCS/Proiect_SCS.srcs/constrs_1/new/constr_1.xdc]
WARNING: [Vivado 12-584] No ports matched 'sw[8]'. [C:/Users/bogdi/OneDrive/Desktop/SCS/Project/Proiect_SCS/Proiect_SCS.srcs/constrs_1/new/constr_1.xdc:28]
CRITICAL WARNING: [Common 17-55] 'set_property' expects at least one object. [C:/Users/bogdi/OneDrive/Desktop/SCS/Project/Proiect_SCS/Proiect_SCS.srcs/constrs_1/new/constr_1.xdc:28]
Resolution: If [get_<value>] was used to populate the object, check to make sure this command returns at least one valid object.
WARNING: [Vivado 12-584] No ports matched 'sw[8]'. [C:/Users/bogdi/OneDrive/Desktop/SCS/Project/Proiect_SCS/Proiect_SCS.srcs/constrs_1/new/constr_1.xdc:29]
CRITICAL WARNING: [Common 17-55] 'set_property' expects at least one object. [C:/Users/bogdi/OneDrive/Desktop/SCS/Project/Proiect_SCS/Proiect_SCS.srcs/constrs_1/new/constr_1.xdc:29]
Resolution: If [get_<value>] was used to populate the object, check to make sure this command returns at least one valid object.
WARNING: [Vivado 12-584] No ports matched 'sw[9]'. [C:/Users/bogdi/OneDrive/Desktop/SCS/Project/Proiect_SCS/Proiect_SCS.srcs/constrs_1/new/constr_1.xdc:30]
CRITICAL WARNING: [Common 17-55] 'set_property' expects at least one object. [C:/Users/bogdi/OneDrive/Desktop/SCS/Project/Proiect_SCS/Proiect_SCS.srcs/constrs_1/new/constr_1.xdc:30]
Resolution: If [get_<value>] was used to populate the object, check to make sure this command returns at least one valid object.
WARNING: [Vivado 12-584] No ports matched 'sw[9]'. [C:/Users/bogdi/OneDrive/Desktop/SCS/Project/Proiect_SCS/Proiect_SCS.srcs/constrs_1/new/constr_1.xdc:31]
CRITICAL WARNING: [Common 17-55] 'set_property' expects at least one object. [C:/Users/bogdi/OneDrive/Desktop/SCS/Project/Proiect_SCS/Proiect_SCS.srcs/constrs_1/new/constr_1.xdc:31]
Resolution: If [get_<value>] was used to populate the object, check to make sure this command returns at least one valid object.
WARNING: [Vivado 12-584] No ports matched 'sw[10]'. [C:/Users/bogdi/OneDrive/Desktop/SCS/Project/Proiect_SCS/Proiect_SCS.srcs/constrs_1/new/constr_1.xdc:32]
CRITICAL WARNING: [Common 17-55] 'set_property' expects at least one object. [C:/Users/bogdi/OneDrive/Desktop/SCS/Project/Proiect_SCS/Proiect_SCS.srcs/constrs_1/new/constr_1.xdc:32]
Resolution: If [get_<value>] was used to populate the object, check to make sure this command returns at least one valid object.
WARNING: [Vivado 12-584] No ports matched 'sw[10]'. [C:/Users/bogdi/OneDrive/Desktop/SCS/Project/Proiect_SCS/Proiect_SCS.srcs/constrs_1/new/constr_1.xdc:33]
CRITICAL WARNING: [Common 17-55] 'set_property' expects at least one object. [C:/Users/bogdi/OneDrive/Desktop/SCS/Project/Proiect_SCS/Proiect_SCS.srcs/constrs_1/new/constr_1.xdc:33]
Resolution: If [get_<value>] was used to populate the object, check to make sure this command returns at least one valid object.
WARNING: [Vivado 12-584] No ports matched 'sw[11]'. [C:/Users/bogdi/OneDrive/Desktop/SCS/Project/Proiect_SCS/Proiect_SCS.srcs/constrs_1/new/constr_1.xdc:34]
CRITICAL WARNING: [Common 17-55] 'set_property' expects at least one object. [C:/Users/bogdi/OneDrive/Desktop/SCS/Project/Proiect_SCS/Proiect_SCS.srcs/constrs_1/new/constr_1.xdc:34]
Resolution: If [get_<value>] was used to populate the object, check to make sure this command returns at least one valid object.
WARNING: [Vivado 12-584] No ports matched 'sw[11]'. [C:/Users/bogdi/OneDrive/Desktop/SCS/Project/Proiect_SCS/Proiect_SCS.srcs/constrs_1/new/constr_1.xdc:35]
CRITICAL WARNING: [Common 17-55] 'set_property' expects at least one object. [C:/Users/bogdi/OneDrive/Desktop/SCS/Project/Proiect_SCS/Proiect_SCS.srcs/constrs_1/new/constr_1.xdc:35]
Resolution: If [get_<value>] was used to populate the object, check to make sure this command returns at least one valid object.
WARNING: [Vivado 12-584] No ports matched 'sw[12]'. [C:/Users/bogdi/OneDrive/Desktop/SCS/Project/Proiect_SCS/Proiect_SCS.srcs/constrs_1/new/constr_1.xdc:36]
CRITICAL WARNING: [Common 17-55] 'set_property' expects at least one object. [C:/Users/bogdi/OneDrive/Desktop/SCS/Project/Proiect_SCS/Proiect_SCS.srcs/constrs_1/new/constr_1.xdc:36]
Resolution: If [get_<value>] was used to populate the object, check to make sure this command returns at least one valid object.
WARNING: [Vivado 12-584] No ports matched 'sw[12]'. [C:/Users/bogdi/OneDrive/Desktop/SCS/Project/Proiect_SCS/Proiect_SCS.srcs/constrs_1/new/constr_1.xdc:37]
CRITICAL WARNING: [Common 17-55] 'set_property' expects at least one object. [C:/Users/bogdi/OneDrive/Desktop/SCS/Project/Proiect_SCS/Proiect_SCS.srcs/constrs_1/new/constr_1.xdc:37]
Resolution: If [get_<value>] was used to populate the object, check to make sure this command returns at least one valid object.
WARNING: [Vivado 12-584] No ports matched 'sw[13]'. [C:/Users/bogdi/OneDrive/Desktop/SCS/Project/Proiect_SCS/Proiect_SCS.srcs/constrs_1/new/constr_1.xdc:38]
CRITICAL WARNING: [Common 17-55] 'set_property' expects at least one object. [C:/Users/bogdi/OneDrive/Desktop/SCS/Project/Proiect_SCS/Proiect_SCS.srcs/constrs_1/new/constr_1.xdc:38]
Resolution: If [get_<value>] was used to populate the object, check to make sure this command returns at least one valid object.
WARNING: [Vivado 12-584] No ports matched 'sw[13]'. [C:/Users/bogdi/OneDrive/Desktop/SCS/Project/Proiect_SCS/Proiect_SCS.srcs/constrs_1/new/constr_1.xdc:39]
CRITICAL WARNING: [Common 17-55] 'set_property' expects at least one object. [C:/Users/bogdi/OneDrive/Desktop/SCS/Project/Proiect_SCS/Proiect_SCS.srcs/constrs_1/new/constr_1.xdc:39]
Resolution: If [get_<value>] was used to populate the object, check to make sure this command returns at least one valid object.
WARNING: [Vivado 12-584] No ports matched 'sw[14]'. [C:/Users/bogdi/OneDrive/Desktop/SCS/Project/Proiect_SCS/Proiect_SCS.srcs/constrs_1/new/constr_1.xdc:40]
CRITICAL WARNING: [Common 17-55] 'set_property' expects at least one object. [C:/Users/bogdi/OneDrive/Desktop/SCS/Project/Proiect_SCS/Proiect_SCS.srcs/constrs_1/new/constr_1.xdc:40]
Resolution: If [get_<value>] was used to populate the object, check to make sure this command returns at least one valid object.
WARNING: [Vivado 12-584] No ports matched 'sw[14]'. [C:/Users/bogdi/OneDrive/Desktop/SCS/Project/Proiect_SCS/Proiect_SCS.srcs/constrs_1/new/constr_1.xdc:41]
CRITICAL WARNING: [Common 17-55] 'set_property' expects at least one object. [C:/Users/bogdi/OneDrive/Desktop/SCS/Project/Proiect_SCS/Proiect_SCS.srcs/constrs_1/new/constr_1.xdc:41]
Resolution: If [get_<value>] was used to populate the object, check to make sure this command returns at least one valid object.
WARNING: [Vivado 12-584] No ports matched 'sw[15]'. [C:/Users/bogdi/OneDrive/Desktop/SCS/Project/Proiect_SCS/Proiect_SCS.srcs/constrs_1/new/constr_1.xdc:42]
CRITICAL WARNING: [Common 17-55] 'set_property' expects at least one object. [C:/Users/bogdi/OneDrive/Desktop/SCS/Project/Proiect_SCS/Proiect_SCS.srcs/constrs_1/new/constr_1.xdc:42]
Resolution: If [get_<value>] was used to populate the object, check to make sure this command returns at least one valid object.
WARNING: [Vivado 12-584] No ports matched 'sw[15]'. [C:/Users/bogdi/OneDrive/Desktop/SCS/Project/Proiect_SCS/Proiect_SCS.srcs/constrs_1/new/constr_1.xdc:43]
CRITICAL WARNING: [Common 17-55] 'set_property' expects at least one object. [C:/Users/bogdi/OneDrive/Desktop/SCS/Project/Proiect_SCS/Proiect_SCS.srcs/constrs_1/new/constr_1.xdc:43]
Resolution: If [get_<value>] was used to populate the object, check to make sure this command returns at least one valid object.
WARNING: [Vivado 12-584] No ports matched 'led[8]'. [C:/Users/bogdi/OneDrive/Desktop/SCS/Project/Proiect_SCS/Proiect_SCS.srcs/constrs_1/new/constr_1.xdc:63]
CRITICAL WARNING: [Common 17-55] 'set_property' expects at least one object. [C:/Users/bogdi/OneDrive/Desktop/SCS/Project/Proiect_SCS/Proiect_SCS.srcs/constrs_1/new/constr_1.xdc:63]
Resolution: If [get_<value>] was used to populate the object, check to make sure this command returns at least one valid object.
WARNING: [Vivado 12-584] No ports matched 'led[8]'. [C:/Users/bogdi/OneDrive/Desktop/SCS/Project/Proiect_SCS/Proiect_SCS.srcs/constrs_1/new/constr_1.xdc:64]
CRITICAL WARNING: [Common 17-55] 'set_property' expects at least one object. [C:/Users/bogdi/OneDrive/Desktop/SCS/Project/Proiect_SCS/Proiect_SCS.srcs/constrs_1/new/constr_1.xdc:64]
Resolution: If [get_<value>] was used to populate the object, check to make sure this command returns at least one valid object.
WARNING: [Vivado 12-584] No ports matched 'led[9]'. [C:/Users/bogdi/OneDrive/Desktop/SCS/Project/Proiect_SCS/Proiect_SCS.srcs/constrs_1/new/constr_1.xdc:65]
CRITICAL WARNING: [Common 17-55] 'set_property' expects at least one object. [C:/Users/bogdi/OneDrive/Desktop/SCS/Project/Proiect_SCS/Proiect_SCS.srcs/constrs_1/new/constr_1.xdc:65]
Resolution: If [get_<value>] was used to populate the object, check to make sure this command returns at least one valid object.
WARNING: [Vivado 12-584] No ports matched 'led[9]'. [C:/Users/bogdi/OneDrive/Desktop/SCS/Project/Proiect_SCS/Proiect_SCS.srcs/constrs_1/new/constr_1.xdc:66]
CRITICAL WARNING: [Common 17-55] 'set_property' expects at least one object. [C:/Users/bogdi/OneDrive/Desktop/SCS/Project/Proiect_SCS/Proiect_SCS.srcs/constrs_1/new/constr_1.xdc:66]
Resolution: If [get_<value>] was used to populate the object, check to make sure this command returns at least one valid object.
WARNING: [Vivado 12-584] No ports matched 'led[10]'. [C:/Users/bogdi/OneDrive/Desktop/SCS/Project/Proiect_SCS/Proiect_SCS.srcs/constrs_1/new/constr_1.xdc:67]
CRITICAL WARNING: [Common 17-55] 'set_property' expects at least one object. [C:/Users/bogdi/OneDrive/Desktop/SCS/Project/Proiect_SCS/Proiect_SCS.srcs/constrs_1/new/constr_1.xdc:67]
Resolution: If [get_<value>] was used to populate the object, check to make sure this command returns at least one valid object.
WARNING: [Vivado 12-584] No ports matched 'led[10]'. [C:/Users/bogdi/OneDrive/Desktop/SCS/Project/Proiect_SCS/Proiect_SCS.srcs/constrs_1/new/constr_1.xdc:68]
CRITICAL WARNING: [Common 17-55] 'set_property' expects at least one object. [C:/Users/bogdi/OneDrive/Desktop/SCS/Project/Proiect_SCS/Proiect_SCS.srcs/constrs_1/new/constr_1.xdc:68]
Resolution: If [get_<value>] was used to populate the object, check to make sure this command returns at least one valid object.
WARNING: [Vivado 12-584] No ports matched 'led[11]'. [C:/Users/bogdi/OneDrive/Desktop/SCS/Project/Proiect_SCS/Proiect_SCS.srcs/constrs_1/new/constr_1.xdc:69]
CRITICAL WARNING: [Common 17-55] 'set_property' expects at least one object. [C:/Users/bogdi/OneDrive/Desktop/SCS/Project/Proiect_SCS/Proiect_SCS.srcs/constrs_1/new/constr_1.xdc:69]
Resolution: If [get_<value>] was used to populate the object, check to make sure this command returns at least one valid object.
WARNING: [Vivado 12-584] No ports matched 'led[11]'. [C:/Users/bogdi/OneDrive/Desktop/SCS/Project/Proiect_SCS/Proiect_SCS.srcs/constrs_1/new/constr_1.xdc:70]
CRITICAL WARNING: [Common 17-55] 'set_property' expects at least one object. [C:/Users/bogdi/OneDrive/Desktop/SCS/Project/Proiect_SCS/Proiect_SCS.srcs/constrs_1/new/constr_1.xdc:70]
Resolution: If [get_<value>] was used to populate the object, check to make sure this command returns at least one valid object.
WARNING: [Vivado 12-584] No ports matched 'led[12]'. [C:/Users/bogdi/OneDrive/Desktop/SCS/Project/Proiect_SCS/Proiect_SCS.srcs/constrs_1/new/constr_1.xdc:71]
CRITICAL WARNING: [Common 17-55] 'set_property' expects at least one object. [C:/Users/bogdi/OneDrive/Desktop/SCS/Project/Proiect_SCS/Proiect_SCS.srcs/constrs_1/new/constr_1.xdc:71]
Resolution: If [get_<value>] was used to populate the object, check to make sure this command returns at least one valid object.
WARNING: [Vivado 12-584] No ports matched 'led[12]'. [C:/Users/bogdi/OneDrive/Desktop/SCS/Project/Proiect_SCS/Proiect_SCS.srcs/constrs_1/new/constr_1.xdc:72]
CRITICAL WARNING: [Common 17-55] 'set_property' expects at least one object. [C:/Users/bogdi/OneDrive/Desktop/SCS/Project/Proiect_SCS/Proiect_SCS.srcs/constrs_1/new/constr_1.xdc:72]
Resolution: If [get_<value>] was used to populate the object, check to make sure this command returns at least one valid object.
WARNING: [Vivado 12-584] No ports matched 'led[13]'. [C:/Users/bogdi/OneDrive/Desktop/SCS/Project/Proiect_SCS/Proiect_SCS.srcs/constrs_1/new/constr_1.xdc:73]
CRITICAL WARNING: [Common 17-55] 'set_property' expects at least one object. [C:/Users/bogdi/OneDrive/Desktop/SCS/Project/Proiect_SCS/Proiect_SCS.srcs/constrs_1/new/constr_1.xdc:73]
Resolution: If [get_<value>] was used to populate the object, check to make sure this command returns at least one valid object.
WARNING: [Vivado 12-584] No ports matched 'led[13]'. [C:/Users/bogdi/OneDrive/Desktop/SCS/Project/Proiect_SCS/Proiect_SCS.srcs/constrs_1/new/constr_1.xdc:74]
CRITICAL WARNING: [Common 17-55] 'set_property' expects at least one object. [C:/Users/bogdi/OneDrive/Desktop/SCS/Project/Proiect_SCS/Proiect_SCS.srcs/constrs_1/new/constr_1.xdc:74]
Resolution: If [get_<value>] was used to populate the object, check to make sure this command returns at least one valid object.
WARNING: [Vivado 12-584] No ports matched 'led[14]'. [C:/Users/bogdi/OneDrive/Desktop/SCS/Project/Proiect_SCS/Proiect_SCS.srcs/constrs_1/new/constr_1.xdc:75]
CRITICAL WARNING: [Common 17-55] 'set_property' expects at least one object. [C:/Users/bogdi/OneDrive/Desktop/SCS/Project/Proiect_SCS/Proiect_SCS.srcs/constrs_1/new/constr_1.xdc:75]
Resolution: If [get_<value>] was used to populate the object, check to make sure this command returns at least one valid object.
WARNING: [Vivado 12-584] No ports matched 'led[14]'. [C:/Users/bogdi/OneDrive/Desktop/SCS/Project/Proiect_SCS/Proiect_SCS.srcs/constrs_1/new/constr_1.xdc:76]
CRITICAL WARNING: [Common 17-55] 'set_property' expects at least one object. [C:/Users/bogdi/OneDrive/Desktop/SCS/Project/Proiect_SCS/Proiect_SCS.srcs/constrs_1/new/constr_1.xdc:76]
Resolution: If [get_<value>] was used to populate the object, check to make sure this command returns at least one valid object.
WARNING: [Vivado 12-584] No ports matched 'led[15]'. [C:/Users/bogdi/OneDrive/Desktop/SCS/Project/Proiect_SCS/Proiect_SCS.srcs/constrs_1/new/constr_1.xdc:77]
CRITICAL WARNING: [Common 17-55] 'set_property' expects at least one object. [C:/Users/bogdi/OneDrive/Desktop/SCS/Project/Proiect_SCS/Proiect_SCS.srcs/constrs_1/new/constr_1.xdc:77]
Resolution: If [get_<value>] was used to populate the object, check to make sure this command returns at least one valid object.
WARNING: [Vivado 12-584] No ports matched 'led[15]'. [C:/Users/bogdi/OneDrive/Desktop/SCS/Project/Proiect_SCS/Proiect_SCS.srcs/constrs_1/new/constr_1.xdc:78]
CRITICAL WARNING: [Common 17-55] 'set_property' expects at least one object. [C:/Users/bogdi/OneDrive/Desktop/SCS/Project/Proiect_SCS/Proiect_SCS.srcs/constrs_1/new/constr_1.xdc:78]
Resolution: If [get_<value>] was used to populate the object, check to make sure this command returns at least one valid object.
Finished Parsing XDC File [C:/Users/bogdi/OneDrive/Desktop/SCS/Project/Proiect_SCS/Proiect_SCS.srcs/constrs_1/new/constr_1.xdc]
INFO: [Project 1-236] Implementation specific constraints were found while reading constraint file [C:/Users/bogdi/OneDrive/Desktop/SCS/Project/Proiect_SCS/Proiect_SCS.srcs/constrs_1/new/constr_1.xdc]. These constraints will be ignored for synthesis but will be used in implementation. Impacted constraints are listed in the file [.Xil/TopEntity_propImpl.xdc].
Resolution: To avoid this warning, move constraints listed in [.Xil/TopEntity_propImpl.xdc] to another XDC file and exclude this new file from synthesis with the used_in_synthesis property (File Properties dialog in GUI) and re-run elaboration/synthesis.
Completed Processing XDC Constraints

Netlist sorting complete. Time (s): cpu = 00:00:00 ; elapsed = 00:00:00.001 . Memory (MB): peak = 1388.137 ; gain = 0.000
INFO: [Project 1-111] Unisim Transformation Summary:
No Unisim elements were transformed.

Constraint Validation Runtime : Time (s): cpu = 00:00:00 ; elapsed = 00:00:00.004 . Memory (MB): peak = 1388.137 ; gain = 0.000
INFO: [Designutils 20-5440] No compile time benefit to using incremental synthesis; A full resynthesis will be run
INFO: [Designutils 20-4379] Flow is switching to default flow due to incremental criteria not met. If you would like to alter this behaviour and have the flow terminate instead, please set the following parameter config_implementation {autoIncr.Synth.RejectBehavior Terminate}
INFO: [Synth 8-11241] undeclared symbol 'REGCCE', assumed default net type 'wire' [F:/Vivado/2022.2/data/verilog/src/unimacro/BRAM_SINGLE_MACRO.v:2170]
---------------------------------------------------------------------------------
Finished Constraint Validation : Time (s): cpu = 00:00:22 ; elapsed = 00:00:22 . Memory (MB): peak = 1388.137 ; gain = 590.980
---------------------------------------------------------------------------------
---------------------------------------------------------------------------------
Start Loading Part and Timing Information
---------------------------------------------------------------------------------
Loading part: xc7a35tcpg236-1
---------------------------------------------------------------------------------
Finished Loading Part and Timing Information : Time (s): cpu = 00:00:22 ; elapsed = 00:00:22 . Memory (MB): peak = 1388.137 ; gain = 590.980
---------------------------------------------------------------------------------
---------------------------------------------------------------------------------
Start Applying 'set_property' XDC Constraints
---------------------------------------------------------------------------------
---------------------------------------------------------------------------------
Finished applying 'set_property' XDC Constraints : Time (s): cpu = 00:00:22 ; elapsed = 00:00:22 . Memory (MB): peak = 1388.137 ; gain = 590.980
---------------------------------------------------------------------------------
WARNING: [Synth 8-327] inferring latch for variable 'temp_reg' [C:/Users/bogdi/OneDrive/Desktop/SCS/Project/Proiect_SCS/Proiect_SCS.srcs/sources_1/new/ALU2.vhd:52]
WARNING: [Synth 8-327] inferring latch for variable 'led_reg' [C:/Users/bogdi/OneDrive/Desktop/SCS/Project/Proiect_SCS/Proiect_SCS.srcs/sources_1/new/TopEntity.vhd:151]
---------------------------------------------------------------------------------
Finished RTL Optimization Phase 2 : Time (s): cpu = 00:00:22 ; elapsed = 00:00:22 . Memory (MB): peak = 1388.137 ; gain = 590.980
---------------------------------------------------------------------------------
---------------------------------------------------------------------------------
Start RTL Component Statistics 
---------------------------------------------------------------------------------
Detailed RTL Component Info : 
+---Adders : 
	   2 Input    8 Bit       Adders := 3     
	   3 Input    8 Bit       Adders := 1     
	   2 Input    4 Bit       Adders := 1     
+---Registers : 
	               16 Bit    Registers := 1     
	                4 Bit    Registers := 1     
	                1 Bit    Registers := 6     
+---Muxes : 
	  17 Input   21 Bit        Muxes := 1     
	   2 Input   16 Bit        Muxes := 1     
	   4 Input   16 Bit        Muxes := 1     
	   2 Input    8 Bit        Muxes := 4     
	   3 Input    8 Bit        Muxes := 2     
	   2 Input    4 Bit        Muxes := 1     
	  12 Input    4 Bit        Muxes := 1     
	   4 Input    4 Bit        Muxes := 2     
	  12 Input    1 Bit        Muxes := 1     
	   2 Input    1 Bit        Muxes := 1     
	   3 Input    1 Bit        Muxes := 1     
---------------------------------------------------------------------------------
Finished RTL Component Statistics 
---------------------------------------------------------------------------------
---------------------------------------------------------------------------------
Start Part Resource Summary
---------------------------------------------------------------------------------
Part Resources:
DSPs: 90 (col length:60)
BRAMs: 100 (col length: RAMB18 60 RAMB36 30)
---------------------------------------------------------------------------------
Finished Part Resource Summary
---------------------------------------------------------------------------------
---------------------------------------------------------------------------------
Start Cross Boundary and Area Optimization
---------------------------------------------------------------------------------
WARNING: [Synth 8-7080] Parallel synthesis criteria is not met
WARNING: [Synth 8-7129] Port led[7] in module TopEntity is either unconnected or has no load
WARNING: [Synth 8-7129] Port led[6] in module TopEntity is either unconnected or has no load
WARNING: [Synth 8-7129] Port led[5] in module TopEntity is either unconnected or has no load
WARNING: [Synth 8-7129] Port led[4] in module TopEntity is either unconnected or has no load
WARNING: [Synth 8-7129] Port led[3] in module TopEntity is either unconnected or has no load
WARNING: [Synth 8-7129] Port led[2] in module TopEntity is either unconnected or has no load
WARNING: [Synth 8-7129] Port led[1] in module TopEntity is either unconnected or has no load
WARNING: [Synth 8-7129] Port btn[4] in module TopEntity is either unconnected or has no load
WARNING: [Synth 8-7129] Port btn[3] in module TopEntity is either unconnected or has no load
WARNING: [Synth 8-7129] Port btn[2] in module TopEntity is either unconnected or has no load
WARNING: [Synth 8-7129] Port sw[7] in module TopEntity is either unconnected or has no load
WARNING: [Synth 8-7129] Port sw[6] in module TopEntity is either unconnected or has no load
WARNING: [Synth 8-7129] Port sw[5] in module TopEntity is either unconnected or has no load
WARNING: [Synth 8-7129] Port sw[4] in module TopEntity is either unconnected or has no load
WARNING: [Synth 8-7129] Port sw[3] in module TopEntity is either unconnected or has no load
WARNING: [Synth 8-7129] Port sw[2] in module TopEntity is either unconnected or has no load
---------------------------------------------------------------------------------
Finished Cross Boundary and Area Optimization : Time (s): cpu = 00:00:26 ; elapsed = 00:00:26 . Memory (MB): peak = 1388.137 ; gain = 590.980
---------------------------------------------------------------------------------
---------------------------------------------------------------------------------
Start Applying XDC Timing Constraints
---------------------------------------------------------------------------------
---------------------------------------------------------------------------------
Finished Applying XDC Timing Constraints : Time (s): cpu = 00:00:33 ; elapsed = 00:00:33 . Memory (MB): peak = 1388.137 ; gain = 590.980
---------------------------------------------------------------------------------
---------------------------------------------------------------------------------
Start Timing Optimization
---------------------------------------------------------------------------------
---------------------------------------------------------------------------------
Finished Timing Optimization : Time (s): cpu = 00:00:33 ; elapsed = 00:00:33 . Memory (MB): peak = 1388.137 ; gain = 590.980
---------------------------------------------------------------------------------
---------------------------------------------------------------------------------
Start Technology Mapping
---------------------------------------------------------------------------------
---------------------------------------------------------------------------------
Finished Technology Mapping : Time (s): cpu = 00:00:33 ; elapsed = 00:00:33 . Memory (MB): peak = 1388.137 ; gain = 590.980
---------------------------------------------------------------------------------
---------------------------------------------------------------------------------
Start IO Insertion
---------------------------------------------------------------------------------
---------------------------------------------------------------------------------
Start Flattening Before IO Insertion
---------------------------------------------------------------------------------
---------------------------------------------------------------------------------
Finished Flattening Before IO Insertion
---------------------------------------------------------------------------------
---------------------------------------------------------------------------------
Start Final Netlist Cleanup
---------------------------------------------------------------------------------
---------------------------------------------------------------------------------
Finished Final Netlist Cleanup
---------------------------------------------------------------------------------
---------------------------------------------------------------------------------
Finished IO Insertion : Time (s): cpu = 00:00:39 ; elapsed = 00:00:40 . Memory (MB): peak = 1388.137 ; gain = 590.980
---------------------------------------------------------------------------------
---------------------------------------------------------------------------------
Start Renaming Generated Instances
---------------------------------------------------------------------------------
---------------------------------------------------------------------------------
Finished Renaming Generated Instances : Time (s): cpu = 00:00:39 ; elapsed = 00:00:40 . Memory (MB): peak = 1388.137 ; gain = 590.980
---------------------------------------------------------------------------------
---------------------------------------------------------------------------------
Start Rebuilding User Hierarchy
---------------------------------------------------------------------------------
---------------------------------------------------------------------------------
Finished Rebuilding User Hierarchy : Time (s): cpu = 00:00:39 ; elapsed = 00:00:40 . Memory (MB): peak = 1388.137 ; gain = 590.980
---------------------------------------------------------------------------------
---------------------------------------------------------------------------------
Start Renaming Generated Ports
---------------------------------------------------------------------------------
---------------------------------------------------------------------------------
Finished Renaming Generated Ports : Time (s): cpu = 00:00:39 ; elapsed = 00:00:40 . Memory (MB): peak = 1388.137 ; gain = 590.980
---------------------------------------------------------------------------------
---------------------------------------------------------------------------------
Start Handling Custom Attributes
---------------------------------------------------------------------------------
---------------------------------------------------------------------------------
Finished Handling Custom Attributes : Time (s): cpu = 00:00:39 ; elapsed = 00:00:40 . Memory (MB): peak = 1388.137 ; gain = 590.980
---------------------------------------------------------------------------------
---------------------------------------------------------------------------------
Start Renaming Generated Nets
---------------------------------------------------------------------------------
---------------------------------------------------------------------------------
Finished Renaming Generated Nets : Time (s): cpu = 00:00:39 ; elapsed = 00:00:40 . Memory (MB): peak = 1388.137 ; gain = 590.980
---------------------------------------------------------------------------------
---------------------------------------------------------------------------------
Start Writing Synthesis Report
---------------------------------------------------------------------------------

Report BlackBoxes: 
+-+--------------+----------+
| |BlackBox name |Instances |
+-+--------------+----------+
+-+--------------+----------+

Report Cell Usage: 
+------+-------+------+
|      |Cell   |Count |
+------+-------+------+
|1     |BUFG   |     1|
|2     |CARRY4 |    35|
|3     |LUT1   |     3|
|4     |LUT2   |    20|
|5     |LUT3   |    45|
|6     |LUT4   |    48|
|7     |LUT5   |    54|
|8     |LUT6   |    64|
|9     |FDCE   |    12|
|10    |FDRE   |    22|
|11    |LD     |     9|
|12    |IBUF   |     5|
|13    |OBUF   |    12|
|14    |OBUFT  |     7|
+------+-------+------+
---------------------------------------------------------------------------------
Finished Writing Synthesis Report : Time (s): cpu = 00:00:39 ; elapsed = 00:00:40 . Memory (MB): peak = 1388.137 ; gain = 590.980
---------------------------------------------------------------------------------
Synthesis finished with 0 errors, 0 critical warnings and 19 warnings.
Synthesis Optimization Runtime : Time (s): cpu = 00:00:27 ; elapsed = 00:00:38 . Memory (MB): peak = 1388.137 ; gain = 499.785
Synthesis Optimization Complete : Time (s): cpu = 00:00:39 ; elapsed = 00:00:40 . Memory (MB): peak = 1388.137 ; gain = 590.980
INFO: [Project 1-571] Translating synthesized netlist
Netlist sorting complete. Time (s): cpu = 00:00:00 ; elapsed = 00:00:00.010 . Memory (MB): peak = 1388.137 ; gain = 0.000
INFO: [Netlist 29-17] Analyzing 44 Unisim elements for replacement
INFO: [Netlist 29-28] Unisim Transformation completed in 0 CPU seconds
INFO: [Project 1-570] Preparing netlist for logic optimization
INFO: [Opt 31-138] Pushed 1 inverter(s) to 8 load pin(s).
Netlist sorting complete. Time (s): cpu = 00:00:00 ; elapsed = 00:00:00.001 . Memory (MB): peak = 1388.137 ; gain = 0.000
INFO: [Project 1-111] Unisim Transformation Summary:
  A total of 9 instances were transformed.
  LD => LDCE: 1 instance 
  LD => LDCE (inverted pins: G): 8 instances

Synth Design complete, checksum: 38b39a28
INFO: [Common 17-83] Releasing license: Synthesis
51 Infos, 81 Warnings, 32 Critical Warnings and 0 Errors encountered.
synth_design completed successfully
synth_design: Time (s): cpu = 00:00:45 ; elapsed = 00:00:46 . Memory (MB): peak = 1388.137 ; gain = 968.691
INFO: [runtcl-6] Synthesis results are not added to the cache due to CRITICAL_WARNING
INFO: [Common 17-1381] The checkpoint 'C:/Users/bogdi/OneDrive/Desktop/SCS/Project/Proiect_SCS/Proiect_SCS.runs/synth_1/TopEntity.dcp' has been generated.
INFO: [runtcl-4] Executing : report_utilization -file TopEntity_utilization_synth.rpt -pb TopEntity_utilization_synth.pb
INFO: [Common 17-206] Exiting Vivado at Tue Jan 16 12:09:48 2024...
