
*** Running vivado
    with args -log cache_tb.vds -m64 -product Vivado -mode batch -messageDb vivado.pb -notrace -source cache_tb.tcl



****** Vivado v2022.2 (64-bit)
  **** SW Build 3671981 on Fri Oct 14 05:00:03 MDT 2022
  **** IP Build 3669848 on Fri Oct 14 08:30:02 MDT 2022
    ** Copyright 1986-2022 Xilinx, Inc. All Rights Reserved.

source cache_tb.tcl -notrace
create_project: Time (s): cpu = 00:00:05 ; elapsed = 00:00:06 . Memory (MB): peak = 394.172 ; gain = 57.340
Command: synth_design -top cache_tb -part xc7a35tcpg236-1
Starting synth_design
Attempting to get a license for feature 'Synthesis' and/or device 'xc7a35t'
INFO: [Common 17-349] Got license for feature 'Synthesis' and/or device 'xc7a35t'
INFO: [Synth 8-7079] Multithreading enabled for synth_design using a maximum of 2 processes.
INFO: [Synth 8-7078] Launching helper process for spawning children vivado processes
INFO: [Synth 8-7075] Helper process launched with PID 1732
INFO: [Synth 8-11241] undeclared symbol 'REGCCE', assumed default net type 'wire' [F:/Vivado/2022.2/data/verilog/src/unimacro/BRAM_SINGLE_MACRO.v:2170]
---------------------------------------------------------------------------------
Starting Synthesize : Time (s): cpu = 00:00:07 ; elapsed = 00:00:07 . Memory (MB): peak = 831.973 ; gain = 412.938
---------------------------------------------------------------------------------
INFO: [Synth 8-638] synthesizing module 'cache_tb' [C:/Users/bogdi/OneDrive/Desktop/SCS/Cache/MemCache/MemCache.srcs/sources_1/new/tb_cache.vhd:28]
INFO: [Synth 8-3491] module 'Cache' declared at 'C:/Users/bogdi/OneDrive/Desktop/SCS/Cache/MemCache/MemCache.srcs/sources_1/new/Cache.vhd:27' bound to instance 'mem' of component 'Cache' [C:/Users/bogdi/OneDrive/Desktop/SCS/Cache/MemCache/MemCache.srcs/sources_1/new/tb_cache.vhd:52]
INFO: [Synth 8-638] synthesizing module 'Cache' [C:/Users/bogdi/OneDrive/Desktop/SCS/Cache/MemCache/MemCache.srcs/sources_1/new/Cache.vhd:39]
INFO: [Synth 8-256] done synthesizing module 'Cache' (0#1) [C:/Users/bogdi/OneDrive/Desktop/SCS/Cache/MemCache/MemCache.srcs/sources_1/new/Cache.vhd:39]
WARNING: [Synth 8-312] ignoring unsynthesizable construct: wait statement with no conditon [C:/Users/bogdi/OneDrive/Desktop/SCS/Cache/MemCache/MemCache.srcs/sources_1/new/tb_cache.vhd:67]
WARNING: [Synth 8-312] ignoring unsynthesizable construct: wait statement with no conditon [C:/Users/bogdi/OneDrive/Desktop/SCS/Cache/MemCache/MemCache.srcs/sources_1/new/tb_cache.vhd:69]
WARNING: [Synth 8-312] ignoring unsynthesizable construct: wait statement with no conditon [C:/Users/bogdi/OneDrive/Desktop/SCS/Cache/MemCache/MemCache.srcs/sources_1/new/tb_cache.vhd:67]
WARNING: [Synth 8-312] ignoring unsynthesizable construct: wait statement with no conditon [C:/Users/bogdi/OneDrive/Desktop/SCS/Cache/MemCache/MemCache.srcs/sources_1/new/tb_cache.vhd:69]
WARNING: [Synth 8-312] ignoring unsynthesizable construct: wait statement with no conditon [C:/Users/bogdi/OneDrive/Desktop/SCS/Cache/MemCache/MemCache.srcs/sources_1/new/tb_cache.vhd:67]
WARNING: [Synth 8-312] ignoring unsynthesizable construct: wait statement with no conditon [C:/Users/bogdi/OneDrive/Desktop/SCS/Cache/MemCache/MemCache.srcs/sources_1/new/tb_cache.vhd:69]
WARNING: [Synth 8-312] ignoring unsynthesizable construct: wait statement with no conditon [C:/Users/bogdi/OneDrive/Desktop/SCS/Cache/MemCache/MemCache.srcs/sources_1/new/tb_cache.vhd:67]
WARNING: [Synth 8-312] ignoring unsynthesizable construct: wait statement with no conditon [C:/Users/bogdi/OneDrive/Desktop/SCS/Cache/MemCache/MemCache.srcs/sources_1/new/tb_cache.vhd:69]
WARNING: [Synth 8-312] ignoring unsynthesizable construct: wait statement with no conditon [C:/Users/bogdi/OneDrive/Desktop/SCS/Cache/MemCache/MemCache.srcs/sources_1/new/tb_cache.vhd:67]
WARNING: [Synth 8-312] ignoring unsynthesizable construct: wait statement with no conditon [C:/Users/bogdi/OneDrive/Desktop/SCS/Cache/MemCache/MemCache.srcs/sources_1/new/tb_cache.vhd:69]
WARNING: [Synth 8-312] ignoring unsynthesizable construct: wait statement with no conditon [C:/Users/bogdi/OneDrive/Desktop/SCS/Cache/MemCache/MemCache.srcs/sources_1/new/tb_cache.vhd:67]
WARNING: [Synth 8-312] ignoring unsynthesizable construct: wait statement with no conditon [C:/Users/bogdi/OneDrive/Desktop/SCS/Cache/MemCache/MemCache.srcs/sources_1/new/tb_cache.vhd:69]
WARNING: [Synth 8-312] ignoring unsynthesizable construct: wait statement with no conditon [C:/Users/bogdi/OneDrive/Desktop/SCS/Cache/MemCache/MemCache.srcs/sources_1/new/tb_cache.vhd:67]
WARNING: [Synth 8-312] ignoring unsynthesizable construct: wait statement with no conditon [C:/Users/bogdi/OneDrive/Desktop/SCS/Cache/MemCache/MemCache.srcs/sources_1/new/tb_cache.vhd:69]
WARNING: [Synth 8-312] ignoring unsynthesizable construct: wait statement with no conditon [C:/Users/bogdi/OneDrive/Desktop/SCS/Cache/MemCache/MemCache.srcs/sources_1/new/tb_cache.vhd:67]
WARNING: [Synth 8-312] ignoring unsynthesizable construct: wait statement with no conditon [C:/Users/bogdi/OneDrive/Desktop/SCS/Cache/MemCache/MemCache.srcs/sources_1/new/tb_cache.vhd:69]
WARNING: [Synth 8-312] ignoring unsynthesizable construct: wait statement with no conditon [C:/Users/bogdi/OneDrive/Desktop/SCS/Cache/MemCache/MemCache.srcs/sources_1/new/tb_cache.vhd:67]
WARNING: [Synth 8-312] ignoring unsynthesizable construct: wait statement with no conditon [C:/Users/bogdi/OneDrive/Desktop/SCS/Cache/MemCache/MemCache.srcs/sources_1/new/tb_cache.vhd:69]
WARNING: [Synth 8-312] ignoring unsynthesizable construct: wait statement with no conditon [C:/Users/bogdi/OneDrive/Desktop/SCS/Cache/MemCache/MemCache.srcs/sources_1/new/tb_cache.vhd:67]
WARNING: [Synth 8-312] ignoring unsynthesizable construct: wait statement with no conditon [C:/Users/bogdi/OneDrive/Desktop/SCS/Cache/MemCache/MemCache.srcs/sources_1/new/tb_cache.vhd:69]
WARNING: [Synth 8-312] ignoring unsynthesizable construct: wait statement with no conditon [C:/Users/bogdi/OneDrive/Desktop/SCS/Cache/MemCache/MemCache.srcs/sources_1/new/tb_cache.vhd:67]
WARNING: [Synth 8-312] ignoring unsynthesizable construct: wait statement with no conditon [C:/Users/bogdi/OneDrive/Desktop/SCS/Cache/MemCache/MemCache.srcs/sources_1/new/tb_cache.vhd:69]
WARNING: [Synth 8-312] ignoring unsynthesizable construct: wait statement with no conditon [C:/Users/bogdi/OneDrive/Desktop/SCS/Cache/MemCache/MemCache.srcs/sources_1/new/tb_cache.vhd:67]
WARNING: [Synth 8-312] ignoring unsynthesizable construct: wait statement with no conditon [C:/Users/bogdi/OneDrive/Desktop/SCS/Cache/MemCache/MemCache.srcs/sources_1/new/tb_cache.vhd:69]
WARNING: [Synth 8-312] ignoring unsynthesizable construct: wait statement with no conditon [C:/Users/bogdi/OneDrive/Desktop/SCS/Cache/MemCache/MemCache.srcs/sources_1/new/tb_cache.vhd:67]
WARNING: [Synth 8-312] ignoring unsynthesizable construct: wait statement with no conditon [C:/Users/bogdi/OneDrive/Desktop/SCS/Cache/MemCache/MemCache.srcs/sources_1/new/tb_cache.vhd:69]
WARNING: [Synth 8-312] ignoring unsynthesizable construct: wait statement with no conditon [C:/Users/bogdi/OneDrive/Desktop/SCS/Cache/MemCache/MemCache.srcs/sources_1/new/tb_cache.vhd:67]
WARNING: [Synth 8-312] ignoring unsynthesizable construct: wait statement with no conditon [C:/Users/bogdi/OneDrive/Desktop/SCS/Cache/MemCache/MemCache.srcs/sources_1/new/tb_cache.vhd:69]
WARNING: [Synth 8-312] ignoring unsynthesizable construct: wait statement with no conditon [C:/Users/bogdi/OneDrive/Desktop/SCS/Cache/MemCache/MemCache.srcs/sources_1/new/tb_cache.vhd:67]
WARNING: [Synth 8-312] ignoring unsynthesizable construct: wait statement with no conditon [C:/Users/bogdi/OneDrive/Desktop/SCS/Cache/MemCache/MemCache.srcs/sources_1/new/tb_cache.vhd:69]
WARNING: [Synth 8-312] ignoring unsynthesizable construct: wait statement with no conditon [C:/Users/bogdi/OneDrive/Desktop/SCS/Cache/MemCache/MemCache.srcs/sources_1/new/tb_cache.vhd:67]
WARNING: [Synth 8-312] ignoring unsynthesizable construct: wait statement with no conditon [C:/Users/bogdi/OneDrive/Desktop/SCS/Cache/MemCache/MemCache.srcs/sources_1/new/tb_cache.vhd:69]
WARNING: [Synth 8-312] ignoring unsynthesizable construct: wait statement with no conditon [C:/Users/bogdi/OneDrive/Desktop/SCS/Cache/MemCache/MemCache.srcs/sources_1/new/tb_cache.vhd:67]
WARNING: [Synth 8-312] ignoring unsynthesizable construct: wait statement with no conditon [C:/Users/bogdi/OneDrive/Desktop/SCS/Cache/MemCache/MemCache.srcs/sources_1/new/tb_cache.vhd:69]
WARNING: [Synth 8-312] ignoring unsynthesizable construct: wait statement with no conditon [C:/Users/bogdi/OneDrive/Desktop/SCS/Cache/MemCache/MemCache.srcs/sources_1/new/tb_cache.vhd:67]
WARNING: [Synth 8-312] ignoring unsynthesizable construct: wait statement with no conditon [C:/Users/bogdi/OneDrive/Desktop/SCS/Cache/MemCache/MemCache.srcs/sources_1/new/tb_cache.vhd:69]
WARNING: [Synth 8-312] ignoring unsynthesizable construct: wait statement with no conditon [C:/Users/bogdi/OneDrive/Desktop/SCS/Cache/MemCache/MemCache.srcs/sources_1/new/tb_cache.vhd:67]
WARNING: [Synth 8-312] ignoring unsynthesizable construct: wait statement with no conditon [C:/Users/bogdi/OneDrive/Desktop/SCS/Cache/MemCache/MemCache.srcs/sources_1/new/tb_cache.vhd:69]
WARNING: [Synth 8-312] ignoring unsynthesizable construct: wait statement with no conditon [C:/Users/bogdi/OneDrive/Desktop/SCS/Cache/MemCache/MemCache.srcs/sources_1/new/tb_cache.vhd:67]
WARNING: [Synth 8-312] ignoring unsynthesizable construct: wait statement with no conditon [C:/Users/bogdi/OneDrive/Desktop/SCS/Cache/MemCache/MemCache.srcs/sources_1/new/tb_cache.vhd:69]
WARNING: [Synth 8-312] ignoring unsynthesizable construct: wait statement with no conditon [C:/Users/bogdi/OneDrive/Desktop/SCS/Cache/MemCache/MemCache.srcs/sources_1/new/tb_cache.vhd:67]
WARNING: [Synth 8-312] ignoring unsynthesizable construct: wait statement with no conditon [C:/Users/bogdi/OneDrive/Desktop/SCS/Cache/MemCache/MemCache.srcs/sources_1/new/tb_cache.vhd:69]
WARNING: [Synth 8-312] ignoring unsynthesizable construct: wait statement with no conditon [C:/Users/bogdi/OneDrive/Desktop/SCS/Cache/MemCache/MemCache.srcs/sources_1/new/tb_cache.vhd:67]
WARNING: [Synth 8-312] ignoring unsynthesizable construct: wait statement with no conditon [C:/Users/bogdi/OneDrive/Desktop/SCS/Cache/MemCache/MemCache.srcs/sources_1/new/tb_cache.vhd:69]
WARNING: [Synth 8-312] ignoring unsynthesizable construct: wait statement with no conditon [C:/Users/bogdi/OneDrive/Desktop/SCS/Cache/MemCache/MemCache.srcs/sources_1/new/tb_cache.vhd:67]
WARNING: [Synth 8-312] ignoring unsynthesizable construct: wait statement with no conditon [C:/Users/bogdi/OneDrive/Desktop/SCS/Cache/MemCache/MemCache.srcs/sources_1/new/tb_cache.vhd:69]
WARNING: [Synth 8-312] ignoring unsynthesizable construct: wait statement with no conditon [C:/Users/bogdi/OneDrive/Desktop/SCS/Cache/MemCache/MemCache.srcs/sources_1/new/tb_cache.vhd:67]
WARNING: [Synth 8-312] ignoring unsynthesizable construct: wait statement with no conditon [C:/Users/bogdi/OneDrive/Desktop/SCS/Cache/MemCache/MemCache.srcs/sources_1/new/tb_cache.vhd:69]
WARNING: [Synth 8-312] ignoring unsynthesizable construct: wait statement with no conditon [C:/Users/bogdi/OneDrive/Desktop/SCS/Cache/MemCache/MemCache.srcs/sources_1/new/tb_cache.vhd:67]
WARNING: [Synth 8-312] ignoring unsynthesizable construct: wait statement with no conditon [C:/Users/bogdi/OneDrive/Desktop/SCS/Cache/MemCache/MemCache.srcs/sources_1/new/tb_cache.vhd:69]
WARNING: [Synth 8-312] ignoring unsynthesizable construct: wait statement with no conditon [C:/Users/bogdi/OneDrive/Desktop/SCS/Cache/MemCache/MemCache.srcs/sources_1/new/tb_cache.vhd:67]
WARNING: [Synth 8-312] ignoring unsynthesizable construct: wait statement with no conditon [C:/Users/bogdi/OneDrive/Desktop/SCS/Cache/MemCache/MemCache.srcs/sources_1/new/tb_cache.vhd:69]
WARNING: [Synth 8-312] ignoring unsynthesizable construct: wait statement with no conditon [C:/Users/bogdi/OneDrive/Desktop/SCS/Cache/MemCache/MemCache.srcs/sources_1/new/tb_cache.vhd:67]
WARNING: [Synth 8-312] ignoring unsynthesizable construct: wait statement with no conditon [C:/Users/bogdi/OneDrive/Desktop/SCS/Cache/MemCache/MemCache.srcs/sources_1/new/tb_cache.vhd:69]
WARNING: [Synth 8-312] ignoring unsynthesizable construct: wait statement with no conditon [C:/Users/bogdi/OneDrive/Desktop/SCS/Cache/MemCache/MemCache.srcs/sources_1/new/tb_cache.vhd:67]
WARNING: [Synth 8-312] ignoring unsynthesizable construct: wait statement with no conditon [C:/Users/bogdi/OneDrive/Desktop/SCS/Cache/MemCache/MemCache.srcs/sources_1/new/tb_cache.vhd:69]
WARNING: [Synth 8-312] ignoring unsynthesizable construct: wait statement with no conditon [C:/Users/bogdi/OneDrive/Desktop/SCS/Cache/MemCache/MemCache.srcs/sources_1/new/tb_cache.vhd:67]
WARNING: [Synth 8-312] ignoring unsynthesizable construct: wait statement with no conditon [C:/Users/bogdi/OneDrive/Desktop/SCS/Cache/MemCache/MemCache.srcs/sources_1/new/tb_cache.vhd:69]
WARNING: [Synth 8-312] ignoring unsynthesizable construct: wait statement with no conditon [C:/Users/bogdi/OneDrive/Desktop/SCS/Cache/MemCache/MemCache.srcs/sources_1/new/tb_cache.vhd:67]
WARNING: [Synth 8-312] ignoring unsynthesizable construct: wait statement with no conditon [C:/Users/bogdi/OneDrive/Desktop/SCS/Cache/MemCache/MemCache.srcs/sources_1/new/tb_cache.vhd:69]
WARNING: [Synth 8-312] ignoring unsynthesizable construct: wait statement with no conditon [C:/Users/bogdi/OneDrive/Desktop/SCS/Cache/MemCache/MemCache.srcs/sources_1/new/tb_cache.vhd:67]
WARNING: [Synth 8-312] ignoring unsynthesizable construct: wait statement with no conditon [C:/Users/bogdi/OneDrive/Desktop/SCS/Cache/MemCache/MemCache.srcs/sources_1/new/tb_cache.vhd:69]
WARNING: [Synth 8-312] ignoring unsynthesizable construct: wait statement with no conditon [C:/Users/bogdi/OneDrive/Desktop/SCS/Cache/MemCache/MemCache.srcs/sources_1/new/tb_cache.vhd:67]
WARNING: [Synth 8-312] ignoring unsynthesizable construct: wait statement with no conditon [C:/Users/bogdi/OneDrive/Desktop/SCS/Cache/MemCache/MemCache.srcs/sources_1/new/tb_cache.vhd:69]
WARNING: [Synth 8-312] ignoring unsynthesizable construct: wait statement with no conditon [C:/Users/bogdi/OneDrive/Desktop/SCS/Cache/MemCache/MemCache.srcs/sources_1/new/tb_cache.vhd:67]
WARNING: [Synth 8-312] ignoring unsynthesizable construct: wait statement with no conditon [C:/Users/bogdi/OneDrive/Desktop/SCS/Cache/MemCache/MemCache.srcs/sources_1/new/tb_cache.vhd:69]
WARNING: [Synth 8-312] ignoring unsynthesizable construct: wait statement with no conditon [C:/Users/bogdi/OneDrive/Desktop/SCS/Cache/MemCache/MemCache.srcs/sources_1/new/tb_cache.vhd:67]
WARNING: [Synth 8-312] ignoring unsynthesizable construct: wait statement with no conditon [C:/Users/bogdi/OneDrive/Desktop/SCS/Cache/MemCache/MemCache.srcs/sources_1/new/tb_cache.vhd:69]
WARNING: [Synth 8-312] ignoring unsynthesizable construct: wait statement with no conditon [C:/Users/bogdi/OneDrive/Desktop/SCS/Cache/MemCache/MemCache.srcs/sources_1/new/tb_cache.vhd:67]
WARNING: [Synth 8-312] ignoring unsynthesizable construct: wait statement with no conditon [C:/Users/bogdi/OneDrive/Desktop/SCS/Cache/MemCache/MemCache.srcs/sources_1/new/tb_cache.vhd:69]
WARNING: [Synth 8-312] ignoring unsynthesizable construct: wait statement with no conditon [C:/Users/bogdi/OneDrive/Desktop/SCS/Cache/MemCache/MemCache.srcs/sources_1/new/tb_cache.vhd:67]
WARNING: [Synth 8-312] ignoring unsynthesizable construct: wait statement with no conditon [C:/Users/bogdi/OneDrive/Desktop/SCS/Cache/MemCache/MemCache.srcs/sources_1/new/tb_cache.vhd:69]
WARNING: [Synth 8-312] ignoring unsynthesizable construct: wait statement with no conditon [C:/Users/bogdi/OneDrive/Desktop/SCS/Cache/MemCache/MemCache.srcs/sources_1/new/tb_cache.vhd:67]
WARNING: [Synth 8-312] ignoring unsynthesizable construct: wait statement with no conditon [C:/Users/bogdi/OneDrive/Desktop/SCS/Cache/MemCache/MemCache.srcs/sources_1/new/tb_cache.vhd:69]
WARNING: [Synth 8-312] ignoring unsynthesizable construct: wait statement with no conditon [C:/Users/bogdi/OneDrive/Desktop/SCS/Cache/MemCache/MemCache.srcs/sources_1/new/tb_cache.vhd:67]
WARNING: [Synth 8-312] ignoring unsynthesizable construct: wait statement with no conditon [C:/Users/bogdi/OneDrive/Desktop/SCS/Cache/MemCache/MemCache.srcs/sources_1/new/tb_cache.vhd:69]
WARNING: [Synth 8-312] ignoring unsynthesizable construct: wait statement with no conditon [C:/Users/bogdi/OneDrive/Desktop/SCS/Cache/MemCache/MemCache.srcs/sources_1/new/tb_cache.vhd:67]
WARNING: [Synth 8-312] ignoring unsynthesizable construct: wait statement with no conditon [C:/Users/bogdi/OneDrive/Desktop/SCS/Cache/MemCache/MemCache.srcs/sources_1/new/tb_cache.vhd:69]
WARNING: [Synth 8-312] ignoring unsynthesizable construct: wait statement with no conditon [C:/Users/bogdi/OneDrive/Desktop/SCS/Cache/MemCache/MemCache.srcs/sources_1/new/tb_cache.vhd:67]
WARNING: [Synth 8-312] ignoring unsynthesizable construct: wait statement with no conditon [C:/Users/bogdi/OneDrive/Desktop/SCS/Cache/MemCache/MemCache.srcs/sources_1/new/tb_cache.vhd:69]
WARNING: [Synth 8-312] ignoring unsynthesizable construct: wait statement with no conditon [C:/Users/bogdi/OneDrive/Desktop/SCS/Cache/MemCache/MemCache.srcs/sources_1/new/tb_cache.vhd:67]
WARNING: [Synth 8-312] ignoring unsynthesizable construct: wait statement with no conditon [C:/Users/bogdi/OneDrive/Desktop/SCS/Cache/MemCache/MemCache.srcs/sources_1/new/tb_cache.vhd:69]
WARNING: [Synth 8-312] ignoring unsynthesizable construct: wait statement with no conditon [C:/Users/bogdi/OneDrive/Desktop/SCS/Cache/MemCache/MemCache.srcs/sources_1/new/tb_cache.vhd:67]
WARNING: [Synth 8-312] ignoring unsynthesizable construct: wait statement with no conditon [C:/Users/bogdi/OneDrive/Desktop/SCS/Cache/MemCache/MemCache.srcs/sources_1/new/tb_cache.vhd:69]
WARNING: [Synth 8-312] ignoring unsynthesizable construct: wait statement with no conditon [C:/Users/bogdi/OneDrive/Desktop/SCS/Cache/MemCache/MemCache.srcs/sources_1/new/tb_cache.vhd:67]
WARNING: [Synth 8-312] ignoring unsynthesizable construct: wait statement with no conditon [C:/Users/bogdi/OneDrive/Desktop/SCS/Cache/MemCache/MemCache.srcs/sources_1/new/tb_cache.vhd:69]
WARNING: [Synth 8-312] ignoring unsynthesizable construct: wait statement with no conditon [C:/Users/bogdi/OneDrive/Desktop/SCS/Cache/MemCache/MemCache.srcs/sources_1/new/tb_cache.vhd:67]
WARNING: [Synth 8-312] ignoring unsynthesizable construct: wait statement with no conditon [C:/Users/bogdi/OneDrive/Desktop/SCS/Cache/MemCache/MemCache.srcs/sources_1/new/tb_cache.vhd:69]
WARNING: [Synth 8-312] ignoring unsynthesizable construct: wait statement with no conditon [C:/Users/bogdi/OneDrive/Desktop/SCS/Cache/MemCache/MemCache.srcs/sources_1/new/tb_cache.vhd:67]
WARNING: [Synth 8-312] ignoring unsynthesizable construct: wait statement with no conditon [C:/Users/bogdi/OneDrive/Desktop/SCS/Cache/MemCache/MemCache.srcs/sources_1/new/tb_cache.vhd:69]
WARNING: [Synth 8-312] ignoring unsynthesizable construct: wait statement with no conditon [C:/Users/bogdi/OneDrive/Desktop/SCS/Cache/MemCache/MemCache.srcs/sources_1/new/tb_cache.vhd:67]
WARNING: [Synth 8-312] ignoring unsynthesizable construct: wait statement with no conditon [C:/Users/bogdi/OneDrive/Desktop/SCS/Cache/MemCache/MemCache.srcs/sources_1/new/tb_cache.vhd:69]
WARNING: [Synth 8-312] ignoring unsynthesizable construct: wait statement with no conditon [C:/Users/bogdi/OneDrive/Desktop/SCS/Cache/MemCache/MemCache.srcs/sources_1/new/tb_cache.vhd:67]
WARNING: [Synth 8-312] ignoring unsynthesizable construct: wait statement with no conditon [C:/Users/bogdi/OneDrive/Desktop/SCS/Cache/MemCache/MemCache.srcs/sources_1/new/tb_cache.vhd:69]
WARNING: [Synth 8-312] ignoring unsynthesizable construct: wait statement with no conditon [C:/Users/bogdi/OneDrive/Desktop/SCS/Cache/MemCache/MemCache.srcs/sources_1/new/tb_cache.vhd:67]
WARNING: [Synth 8-312] ignoring unsynthesizable construct: wait statement with no conditon [C:/Users/bogdi/OneDrive/Desktop/SCS/Cache/MemCache/MemCache.srcs/sources_1/new/tb_cache.vhd:69]
WARNING: [Synth 8-312] ignoring unsynthesizable construct: wait statement with no conditon [C:/Users/bogdi/OneDrive/Desktop/SCS/Cache/MemCache/MemCache.srcs/sources_1/new/tb_cache.vhd:67]
WARNING: [Synth 8-312] ignoring unsynthesizable construct: wait statement with no conditon [C:/Users/bogdi/OneDrive/Desktop/SCS/Cache/MemCache/MemCache.srcs/sources_1/new/tb_cache.vhd:69]
WARNING: [Synth 8-312] ignoring unsynthesizable construct: wait statement with no conditon [C:/Users/bogdi/OneDrive/Desktop/SCS/Cache/MemCache/MemCache.srcs/sources_1/new/tb_cache.vhd:67]
WARNING: [Synth 8-312] ignoring unsynthesizable construct: wait statement with no conditon [C:/Users/bogdi/OneDrive/Desktop/SCS/Cache/MemCache/MemCache.srcs/sources_1/new/tb_cache.vhd:69]
INFO: [Common 17-14] Message 'Synth 8-312' appears 100 times and further instances of the messages will be disabled. Use the Tcl command set_msg_config to change the current settings.
ERROR: [Synth 8-3380] loop condition does not converge after 2000 iterations [C:/Users/bogdi/OneDrive/Desktop/SCS/Cache/MemCache/MemCache.srcs/sources_1/new/tb_cache.vhd:65]
ERROR: [Synth 8-285] failed synthesizing module 'cache_tb' [C:/Users/bogdi/OneDrive/Desktop/SCS/Cache/MemCache/MemCache.srcs/sources_1/new/tb_cache.vhd:28]
---------------------------------------------------------------------------------
Finished Synthesize : Time (s): cpu = 00:00:39 ; elapsed = 00:00:40 . Memory (MB): peak = 3309.555 ; gain = 2890.520
---------------------------------------------------------------------------------
synthesize failed
INFO: [Common 17-83] Releasing license: Synthesis
11 Infos, 100 Warnings, 0 Critical Warnings and 3 Errors encountered.
synth_design failed
ERROR: [Common 17-69] Command failed: Vivado Synthesis failed
INFO: [Common 17-206] Exiting Vivado at Fri Jan 12 08:45:19 2024...
