Copyright 1986-2022 Xilinx, Inc. All Rights Reserved.
--------------------------------------------------------------------------------------
| Tool Version : Vivado v.2022.2 (win64) Build 3671981 Fri Oct 14 05:00:03 MDT 2022
| Date         : Tue Jan 16 12:10:37 2024
| Host         : DESKTOP-OT8PN98 running 64-bit major release  (build 9200)
| Command      : report_control_sets -verbose -file TopEntity_control_sets_placed.rpt
| Design       : TopEntity
| Device       : xc7a35t
--------------------------------------------------------------------------------------

Control Set Information

Table of Contents
-----------------
1. Summary
2. Histogram
3. Flip-Flop Distribution
4. Detailed Control Set Information

1. Summary
----------

+----------------------------------------------------------+-------+
|                          Status                          | Count |
+----------------------------------------------------------+-------+
| Total control sets                                       |     6 |
|    Minimum number of control sets                        |     6 |
|    Addition due to synthesis replication                 |     0 |
|    Addition due to physical synthesis replication        |     0 |
| Unused register locations in slices containing registers |    21 |
+----------------------------------------------------------+-------+
* Control sets can be merged at opt_design using control_set_merge or merge_equivalent_drivers
** Run report_qor_suggestions for automated merging and remapping suggestions


2. Histogram
------------

+--------------------+-------+
|       Fanout       | Count |
+--------------------+-------+
| Total control sets |     6 |
| >= 0 to < 4        |     2 |
| >= 4 to < 6        |     1 |
| >= 6 to < 8        |     0 |
| >= 8 to < 10       |     2 |
| >= 10 to < 12      |     0 |
| >= 12 to < 14      |     0 |
| >= 14 to < 16      |     0 |
| >= 16              |     1 |
+--------------------+-------+
* Control sets can be remapped at either synth_design or opt_design


3. Flip-Flop Distribution
-------------------------

+--------------+-----------------------+------------------------+-----------------+--------------+
| Clock Enable | Synchronous Set/Reset | Asynchronous Set/Reset | Total Registers | Total Slices |
+--------------+-----------------------+------------------------+-----------------+--------------+
| No           | No                    | No                     |              29 |           12 |
| No           | No                    | Yes                    |               8 |            3 |
| No           | Yes                   | No                     |               0 |            0 |
| Yes          | No                    | No                     |               2 |            1 |
| Yes          | No                    | Yes                    |               4 |            2 |
| Yes          | Yes                   | No                     |               0 |            0 |
+--------------+-----------------------+------------------------+-----------------+--------------+


4. Detailed Control Set Information
-----------------------------------

+----------------------------------------+---------------------+----------------------+------------------+----------------+--------------+
|              Clock Signal              |    Enable Signal    |   Set/Reset Signal   | Slice Load Count | Bel Load Count | Bels / Slice |
+----------------------------------------+---------------------+----------------------+------------------+----------------+--------------+
|  ProgramCounter/D[7]                   |                     |                      |                1 |              1 |         1.00 |
|  clk_IBUF_BUFG                         | DebouncerCount/eqOp |                      |                1 |              2 |         2.00 |
|  clk_IBUF_BUFG                         | DebouncerCount/E[0] | DebouncerReset/AR[0] |                2 |              4 |         2.00 |
|  DebouncerCount/E[0]                   |                     | DebouncerReset/AR[0] |                3 |              8 |         2.67 |
| ~ProgramCounter/accumulator_reg_reg[2] |                     |                      |                6 |              8 |         1.33 |
|  clk_IBUF_BUFG                         |                     |                      |                5 |             20 |         4.00 |
+----------------------------------------+---------------------+----------------------+------------------+----------------+--------------+


