Copyright 1986-2022 Xilinx, Inc. All Rights Reserved.
------------------------------------------------------------------------------------------------------------------------------------------------------------------------------------------------------------------------
| Tool Version : Vivado v.2022.2 (win64) Build 3671981 Fri Oct 14 05:00:03 MDT 2022
| Date         : Tue Jan 16 12:11:06 2024
| Host         : DESKTOP-OT8PN98 running 64-bit major release  (build 9200)
| Command      : report_timing_summary -max_paths 10 -report_unconstrained -file TopEntity_timing_summary_routed.rpt -pb TopEntity_timing_summary_routed.pb -rpx TopEntity_timing_summary_routed.rpx -warn_on_violation
| Design       : TopEntity
| Device       : 7a35t-cpg236
| Speed File   : -1  PRODUCTION 1.23 2018-06-13
------------------------------------------------------------------------------------------------------------------------------------------------------------------------------------------------------------------------

Timing Summary Report

------------------------------------------------------------------------------------------------
| Timer Settings
| --------------
------------------------------------------------------------------------------------------------

  Enable Multi Corner Analysis               :  Yes
  Enable Pessimism Removal                   :  Yes
  Pessimism Removal Resolution               :  Nearest Common Node
  Enable Input Delay Default Clock           :  No
  Enable Preset / Clear Arcs                 :  No
  Disable Flight Delays                      :  No
  Ignore I/O Paths                           :  No
  Timing Early Launch at Borrowing Latches   :  No
  Borrow Time for Max Delay Exceptions       :  Yes
  Merge Timing Exceptions                    :  Yes

  Corner  Analyze    Analyze    
  Name    Max Paths  Min Paths  
  ------  ---------  ---------  
  Slow    Yes        Yes        
  Fast    Yes        Yes        


------------------------------------------------------------------------------------------------
| Report Methodology
| ------------------
------------------------------------------------------------------------------------------------

Rule       Severity          Description                     Violations  
---------  ----------------  ------------------------------  ----------  
TIMING-17  Critical Warning  Non-clocked sequential cell     34          
LUTAR-1    Warning           LUT drives async reset alert    1           
TIMING-20  Warning           Non-clocked latch               9           
LATCH-1    Advisory          Existing latches in the design  1           

Note: This report is based on the most recent report_methodology run and may not be up-to-date. Run report_methodology on the current design for the latest report.



check_timing report

Table of Contents
-----------------
1. checking no_clock (151)
2. checking constant_clock (0)
3. checking pulse_width_clock (0)
4. checking unconstrained_internal_endpoints (61)
5. checking no_input_delay (2)
6. checking no_output_delay (12)
7. checking multiple_clock (0)
8. checking generated_clocks (0)
9. checking loops (0)
10. checking partial_input_delay (0)
11. checking partial_output_delay (0)
12. checking latch_loops (0)

1. checking no_clock (151)
--------------------------
 There are 26 register/latch pins with no clock driven by root clock pin: clk (HIGH)

 There is 1 register/latch pin with no clock driven by root clock pin: ALU_II/temp_reg[7]/Q (HIGH)

 There are 9 register/latch pins with no clock driven by root clock pin: Acumulat/accumulator_reg_reg[0]/Q (HIGH)

 There are 9 register/latch pins with no clock driven by root clock pin: Acumulat/accumulator_reg_reg[1]/Q (HIGH)

 There are 9 register/latch pins with no clock driven by root clock pin: Acumulat/accumulator_reg_reg[2]/Q (HIGH)

 There are 9 register/latch pins with no clock driven by root clock pin: Acumulat/accumulator_reg_reg[3]/Q (HIGH)

 There are 9 register/latch pins with no clock driven by root clock pin: Acumulat/accumulator_reg_reg[4]/Q (HIGH)

 There are 9 register/latch pins with no clock driven by root clock pin: Acumulat/accumulator_reg_reg[5]/Q (HIGH)

 There are 9 register/latch pins with no clock driven by root clock pin: Acumulat/accumulator_reg_reg[6]/Q (HIGH)

 There are 9 register/latch pins with no clock driven by root clock pin: Acumulat/accumulator_reg_reg[7]/Q (HIGH)

 There are 8 register/latch pins with no clock driven by root clock pin: DebouncerCount/Q2_reg/Q (HIGH)

 There are 8 register/latch pins with no clock driven by root clock pin: DebouncerCount/Q3_reg/Q (HIGH)

 There are 9 register/latch pins with no clock driven by root clock pin: ProgramCounter/temp_counter_reg[0]/Q (HIGH)

 There are 9 register/latch pins with no clock driven by root clock pin: ProgramCounter/temp_counter_reg[1]/Q (HIGH)

 There are 9 register/latch pins with no clock driven by root clock pin: ProgramCounter/temp_counter_reg[2]/Q (HIGH)

 There are 9 register/latch pins with no clock driven by root clock pin: ProgramCounter/temp_counter_reg[3]/Q (HIGH)


2. checking constant_clock (0)
------------------------------
 There are 0 register/latch pins with constant_clock.


3. checking pulse_width_clock (0)
---------------------------------
 There are 0 register/latch pins which need pulse_width check


4. checking unconstrained_internal_endpoints (61)
-------------------------------------------------
 There are 61 pins that are not constrained for maximum delay. (HIGH)

 There are 0 pins that are not constrained for maximum delay due to constant clock.


5. checking no_input_delay (2)
------------------------------
 There are 2 input ports with no input delay specified. (HIGH)

 There are 0 input ports with no input delay but user has a false path constraint.


6. checking no_output_delay (12)
--------------------------------
 There are 12 ports with no output delay specified. (HIGH)

 There are 0 ports with no output delay but user has a false path constraint

 There are 0 ports with no output delay but with a timing clock defined on it or propagating through it


7. checking multiple_clock (0)
------------------------------
 There are 0 register/latch pins with multiple clocks.


8. checking generated_clocks (0)
--------------------------------
 There are 0 generated clocks that are not connected to a clock source.


9. checking loops (0)
---------------------
 There are 0 combinational loops in the design.


10. checking partial_input_delay (0)
------------------------------------
 There are 0 input ports with partial input delay specified.


11. checking partial_output_delay (0)
-------------------------------------
 There are 0 ports with partial output delay specified.


12. checking latch_loops (0)
----------------------------
 There are 0 combinational latch loops in the design through latch input



------------------------------------------------------------------------------------------------
| Design Timing Summary
| ---------------------
------------------------------------------------------------------------------------------------

    WNS(ns)      TNS(ns)  TNS Failing Endpoints  TNS Total Endpoints      WHS(ns)      THS(ns)  THS Failing Endpoints  THS Total Endpoints     WPWS(ns)     TPWS(ns)  TPWS Failing Endpoints  TPWS Total Endpoints  
    -------      -------  ---------------------  -------------------      -------      -------  ---------------------  -------------------     --------     --------  ----------------------  --------------------  
        inf        0.000                      0                   73          inf        0.000                      0                   73           NA           NA                      NA                    NA  


There are no user specified timing constraints.


------------------------------------------------------------------------------------------------
| Clock Summary
| -------------
------------------------------------------------------------------------------------------------


------------------------------------------------------------------------------------------------
| Intra Clock Table
| -----------------
------------------------------------------------------------------------------------------------

Clock             WNS(ns)      TNS(ns)  TNS Failing Endpoints  TNS Total Endpoints      WHS(ns)      THS(ns)  THS Failing Endpoints  THS Total Endpoints     WPWS(ns)     TPWS(ns)  TPWS Failing Endpoints  TPWS Total Endpoints  
-----             -------      -------  ---------------------  -------------------      -------      -------  ---------------------  -------------------     --------     --------  ----------------------  --------------------  


------------------------------------------------------------------------------------------------
| Inter Clock Table
| -----------------
------------------------------------------------------------------------------------------------

From Clock    To Clock          WNS(ns)      TNS(ns)  TNS Failing Endpoints  TNS Total Endpoints      WHS(ns)      THS(ns)  THS Failing Endpoints  THS Total Endpoints  
----------    --------          -------      -------  ---------------------  -------------------      -------      -------  ---------------------  -------------------  


------------------------------------------------------------------------------------------------
| Other Path Groups Table
| -----------------------
------------------------------------------------------------------------------------------------

Path Group    From Clock    To Clock          WNS(ns)      TNS(ns)  TNS Failing Endpoints  TNS Total Endpoints      WHS(ns)      THS(ns)  THS Failing Endpoints  THS Total Endpoints  
----------    ----------    --------          -------      -------  ---------------------  -------------------      -------      -------  ---------------------  -------------------  


------------------------------------------------------------------------------------------------
| User Ignored Path Table
| -----------------------
------------------------------------------------------------------------------------------------

Path Group    From Clock    To Clock    
----------    ----------    --------    


------------------------------------------------------------------------------------------------
| Unconstrained Path Table
| ------------------------
------------------------------------------------------------------------------------------------

Path Group    From Clock    To Clock    
----------    ----------    --------    
(none)                                    


------------------------------------------------------------------------------------------------
| Timing Details
| --------------
------------------------------------------------------------------------------------------------


--------------------------------------------------------------------------------------
Path Group:  (none)
From Clock:  
  To Clock:  

Max Delay            73 Endpoints
Min Delay            73 Endpoints
--------------------------------------------------------------------------------------


Max Delay Paths
--------------------------------------------------------------------------------------
Slack:                    inf
  Source:                 ProgramCounter/temp_counter_reg[2]/C
                            (rising edge-triggered cell FDCE)
  Destination:            ALU_II/temp_reg[0]/D
  Path Group:             (none)
  Path Type:              Max at Slow Process Corner
  Data Path Delay:        23.342ns  (logic 9.276ns (39.740%)  route 14.066ns (60.260%))
  Logic Levels:           32  (CARRY4=20 FDCE=1 LUT3=2 LUT5=3 LUT6=6)

    Location             Delay type                Incr(ns)  Path(ns)    Netlist Resource(s)
  -------------------------------------------------------------------    -------------------
    SLICE_X60Y27         FDCE                         0.000     0.000 r  ProgramCounter/temp_counter_reg[2]/C
    SLICE_X60Y27         FDCE (Prop_fdce_C_Q)         0.518     0.518 r  ProgramCounter/temp_counter_reg[2]/Q
                         net (fo=108, routed)         2.078     2.596    ProgramCounter/count[2]
    SLICE_X64Y24         LUT5 (Prop_lut5_I3_O)        0.124     2.720 f  ProgramCounter/temp0__7_carry_i_18/O
                         net (fo=21, routed)          0.850     3.569    ProgramCounter/accumulator_reg_reg[7]_0[0]
    SLICE_X61Y24         LUT5 (Prop_lut5_I0_O)        0.124     3.693 f  ProgramCounter/temp0__7_carry_i_12/O
                         net (fo=6, routed)           0.590     4.283    ProgramCounter/temp0__7_carry_i_12_n_0
    SLICE_X62Y24         LUT5 (Prop_lut5_I2_O)        0.124     4.407 r  ProgramCounter/temp0__7_carry_i_1/O
                         net (fo=14, routed)          0.656     5.063    ProgramCounter/accumulator_reg_reg[7]_1
    SLICE_X59Y22         LUT6 (Prop_lut6_I0_O)        0.124     5.187 r  ProgramCounter/temp0__7_carry_i_9/O
                         net (fo=1, routed)           0.870     6.057    ALU_II/S[0]
    SLICE_X60Y22         CARRY4 (Prop_carry4_S[0]_CO[3])
                                                      0.637     6.694 r  ALU_II/temp0__7_carry/CO[3]
                         net (fo=1, routed)           0.000     6.694    ALU_II/temp0__7_carry_n_0
    SLICE_X60Y23         CARRY4 (Prop_carry4_CI_CO[3])
                                                      0.117     6.811 r  ALU_II/temp0__7_carry__0/CO[3]
                         net (fo=1, routed)           0.000     6.811    ALU_II/temp0__7_carry__0_n_0
    SLICE_X60Y24         CARRY4 (Prop_carry4_CI_CO[0])
                                                      0.254     7.065 r  ALU_II/temp0__7_carry__1/CO[0]
                         net (fo=12, routed)          1.460     8.525    ALU_II/CO[0]
    SLICE_X61Y21         LUT3 (Prop_lut3_I0_O)        0.367     8.892 r  ALU_II/temp_reg[5]_i_12/O
                         net (fo=1, routed)           0.000     8.892    ALU_II/temp_reg[5]_i_12_n_0
    SLICE_X61Y21         CARRY4 (Prop_carry4_S[2]_CO[3])
                                                      0.398     9.290 r  ALU_II/temp_reg[5]_i_6/CO[3]
                         net (fo=1, routed)           0.000     9.290    ALU_II/temp_reg[5]_i_6_n_0
    SLICE_X61Y22         CARRY4 (Prop_carry4_CI_CO[3])
                                                      0.114     9.404 r  ALU_II/temp_reg[5]_i_3/CO[3]
                         net (fo=1, routed)           0.000     9.404    ALU_II/temp_reg[5]_i_3_n_0
    SLICE_X61Y23         CARRY4 (Prop_carry4_CI_CO[1])
                                                      0.157     9.561 r  ALU_II/temp_reg[5]_i_2/CO[1]
                         net (fo=12, routed)          1.385    10.946    ProgramCounter/temp_reg[5][1]
    SLICE_X62Y21         LUT3 (Prop_lut3_I0_O)        0.329    11.275 r  ProgramCounter/temp_reg[4]_i_9/O
                         net (fo=1, routed)           0.000    11.275    ProgramCounter/temp_reg[4]_i_9_n_0
    SLICE_X62Y21         CARRY4 (Prop_carry4_S[1]_CO[3])
                                                      0.550    11.825 r  ProgramCounter/temp_reg[4]_i_3/CO[3]
                         net (fo=1, routed)           0.000    11.825    ProgramCounter/temp_reg[4]_i_3_n_0
    SLICE_X62Y22         CARRY4 (Prop_carry4_CI_CO[1])
                                                      0.157    11.982 r  ProgramCounter/temp_reg[4]_i_2/CO[1]
                         net (fo=12, routed)          1.169    13.151    ProgramCounter/temp_reg[4]_i_5_0[0]
    SLICE_X60Y19         LUT6 (Prop_lut6_I0_O)        0.329    13.480 r  ProgramCounter/temp0__211_carry_i_26/O
                         net (fo=1, routed)           0.000    13.480    ProgramCounter/temp0__211_carry_i_26_n_0
    SLICE_X60Y19         CARRY4 (Prop_carry4_S[1]_CO[3])
                                                      0.533    14.013 r  ProgramCounter/temp0__211_carry_i_16/CO[3]
                         net (fo=1, routed)           0.000    14.013    ProgramCounter/temp0__211_carry_i_16_n_0
    SLICE_X60Y20         CARRY4 (Prop_carry4_CI_CO[3])
                                                      0.117    14.130 r  ProgramCounter/temp_reg[3]_i_3/CO[3]
                         net (fo=1, routed)           0.000    14.130    ProgramCounter/temp_reg[3]_i_3_n_0
    SLICE_X60Y21         CARRY4 (Prop_carry4_CI_CO[1])
                                                      0.157    14.287 r  ProgramCounter/temp_reg[3]_i_2/CO[1]
                         net (fo=12, routed)          1.190    15.477    ProgramCounter/CO[0]
    SLICE_X59Y18         LUT6 (Prop_lut6_I0_O)        0.332    15.809 r  ProgramCounter/temp0__211_carry_i_23/O
                         net (fo=1, routed)           0.000    15.809    ProgramCounter/temp0__211_carry_i_23_n_0
    SLICE_X59Y18         CARRY4 (Prop_carry4_S[1]_CO[3])
                                                      0.550    16.359 r  ProgramCounter/temp0__211_carry_i_11/CO[3]
                         net (fo=1, routed)           0.000    16.359    ProgramCounter/temp0__211_carry_i_11_n_0
    SLICE_X59Y19         CARRY4 (Prop_carry4_CI_CO[3])
                                                      0.114    16.473 r  ProgramCounter/temp0__211_carry_i_8/CO[3]
                         net (fo=1, routed)           0.000    16.473    ProgramCounter/temp0__211_carry_i_8_n_0
    SLICE_X59Y20         CARRY4 (Prop_carry4_CI_CO[1])
                                                      0.157    16.630 r  ProgramCounter/temp_reg[2]_i_2/CO[1]
                         net (fo=12, routed)          1.208    17.838    ProgramCounter/temp_reg[2]_i_4_0[0]
    SLICE_X61Y18         LUT6 (Prop_lut6_I0_O)        0.329    18.167 r  ProgramCounter/temp0__211_carry_i_15/O
                         net (fo=1, routed)           0.000    18.167    ProgramCounter/temp0__211_carry_i_15_n_0
    SLICE_X61Y18         CARRY4 (Prop_carry4_S[1]_CO[3])
                                                      0.550    18.717 r  ProgramCounter/temp0__211_carry_i_2/CO[3]
                         net (fo=1, routed)           0.000    18.717    ProgramCounter/temp0__211_carry_i_2_n_0
    SLICE_X61Y19         CARRY4 (Prop_carry4_CI_CO[3])
                                                      0.114    18.831 r  ProgramCounter/temp0__211_carry__0_i_1/CO[3]
                         net (fo=1, routed)           0.000    18.831    ProgramCounter/temp0__211_carry__0_i_1_n_0
    SLICE_X61Y20         CARRY4 (Prop_carry4_CI_CO[1])
                                                      0.157    18.988 r  ProgramCounter/temp0__211_carry_i_1/CO[1]
                         net (fo=12, routed)          0.672    19.660    ProgramCounter/temp0__211_carry_i_10_0[0]
    SLICE_X62Y18         LUT6 (Prop_lut6_I0_O)        0.329    19.989 r  ProgramCounter/temp0__211_carry_i_7/O
                         net (fo=1, routed)           0.492    20.481    ALU_II/temp0__211_carry__0_1[0]
    SLICE_X63Y18         CARRY4 (Prop_carry4_S[0]_CO[3])
                                                      0.656    21.137 r  ALU_II/temp0__211_carry/CO[3]
                         net (fo=1, routed)           0.000    21.137    ALU_II/temp0__211_carry_n_0
    SLICE_X63Y19         CARRY4 (Prop_carry4_CI_CO[3])
                                                      0.114    21.251 r  ALU_II/temp0__211_carry__0/CO[3]
                         net (fo=1, routed)           0.000    21.251    ALU_II/temp0__211_carry__0_n_0
    SLICE_X63Y20         CARRY4 (Prop_carry4_CI_CO[0])
                                                      0.271    21.522 r  ALU_II/temp0__211_carry__1/CO[0]
                         net (fo=1, routed)           0.799    22.321    ProgramCounter/temp_reg[0][0]
    SLICE_X64Y20         LUT6 (Prop_lut6_I5_O)        0.373    22.694 r  ProgramCounter/temp_reg[0]_i_1/O
                         net (fo=1, routed)           0.648    23.342    ALU_II/D[0]
    SLICE_X59Y23         LDCE                                         r  ALU_II/temp_reg[0]/D
  -------------------------------------------------------------------    -------------------

Slack:                    inf
  Source:                 ProgramCounter/temp_counter_reg[2]/C
                            (rising edge-triggered cell FDCE)
  Destination:            ALU_II/temp_reg[1]/D
  Path Group:             (none)
  Path Type:              Max at Slow Process Corner
  Data Path Delay:        20.549ns  (logic 7.862ns (38.260%)  route 12.687ns (61.740%))
  Logic Levels:           28  (CARRY4=17 FDCE=1 LUT3=2 LUT5=3 LUT6=5)

    Location             Delay type                Incr(ns)  Path(ns)    Netlist Resource(s)
  -------------------------------------------------------------------    -------------------
    SLICE_X60Y27         FDCE                         0.000     0.000 r  ProgramCounter/temp_counter_reg[2]/C
    SLICE_X60Y27         FDCE (Prop_fdce_C_Q)         0.518     0.518 r  ProgramCounter/temp_counter_reg[2]/Q
                         net (fo=108, routed)         2.078     2.596    ProgramCounter/count[2]
    SLICE_X64Y24         LUT5 (Prop_lut5_I3_O)        0.124     2.720 f  ProgramCounter/temp0__7_carry_i_18/O
                         net (fo=21, routed)          0.850     3.569    ProgramCounter/accumulator_reg_reg[7]_0[0]
    SLICE_X61Y24         LUT5 (Prop_lut5_I0_O)        0.124     3.693 f  ProgramCounter/temp0__7_carry_i_12/O
                         net (fo=6, routed)           0.590     4.283    ProgramCounter/temp0__7_carry_i_12_n_0
    SLICE_X62Y24         LUT5 (Prop_lut5_I2_O)        0.124     4.407 r  ProgramCounter/temp0__7_carry_i_1/O
                         net (fo=14, routed)          0.656     5.063    ProgramCounter/accumulator_reg_reg[7]_1
    SLICE_X59Y22         LUT6 (Prop_lut6_I0_O)        0.124     5.187 r  ProgramCounter/temp0__7_carry_i_9/O
                         net (fo=1, routed)           0.870     6.057    ALU_II/S[0]
    SLICE_X60Y22         CARRY4 (Prop_carry4_S[0]_CO[3])
                                                      0.637     6.694 r  ALU_II/temp0__7_carry/CO[3]
                         net (fo=1, routed)           0.000     6.694    ALU_II/temp0__7_carry_n_0
    SLICE_X60Y23         CARRY4 (Prop_carry4_CI_CO[3])
                                                      0.117     6.811 r  ALU_II/temp0__7_carry__0/CO[3]
                         net (fo=1, routed)           0.000     6.811    ALU_II/temp0__7_carry__0_n_0
    SLICE_X60Y24         CARRY4 (Prop_carry4_CI_CO[0])
                                                      0.254     7.065 r  ALU_II/temp0__7_carry__1/CO[0]
                         net (fo=12, routed)          1.460     8.525    ALU_II/CO[0]
    SLICE_X61Y21         LUT3 (Prop_lut3_I0_O)        0.367     8.892 r  ALU_II/temp_reg[5]_i_12/O
                         net (fo=1, routed)           0.000     8.892    ALU_II/temp_reg[5]_i_12_n_0
    SLICE_X61Y21         CARRY4 (Prop_carry4_S[2]_CO[3])
                                                      0.398     9.290 r  ALU_II/temp_reg[5]_i_6/CO[3]
                         net (fo=1, routed)           0.000     9.290    ALU_II/temp_reg[5]_i_6_n_0
    SLICE_X61Y22         CARRY4 (Prop_carry4_CI_CO[3])
                                                      0.114     9.404 r  ALU_II/temp_reg[5]_i_3/CO[3]
                         net (fo=1, routed)           0.000     9.404    ALU_II/temp_reg[5]_i_3_n_0
    SLICE_X61Y23         CARRY4 (Prop_carry4_CI_CO[1])
                                                      0.157     9.561 r  ALU_II/temp_reg[5]_i_2/CO[1]
                         net (fo=12, routed)          1.385    10.946    ProgramCounter/temp_reg[5][1]
    SLICE_X62Y21         LUT3 (Prop_lut3_I0_O)        0.329    11.275 r  ProgramCounter/temp_reg[4]_i_9/O
                         net (fo=1, routed)           0.000    11.275    ProgramCounter/temp_reg[4]_i_9_n_0
    SLICE_X62Y21         CARRY4 (Prop_carry4_S[1]_CO[3])
                                                      0.550    11.825 r  ProgramCounter/temp_reg[4]_i_3/CO[3]
                         net (fo=1, routed)           0.000    11.825    ProgramCounter/temp_reg[4]_i_3_n_0
    SLICE_X62Y22         CARRY4 (Prop_carry4_CI_CO[1])
                                                      0.157    11.982 r  ProgramCounter/temp_reg[4]_i_2/CO[1]
                         net (fo=12, routed)          1.169    13.151    ProgramCounter/temp_reg[4]_i_5_0[0]
    SLICE_X60Y19         LUT6 (Prop_lut6_I0_O)        0.329    13.480 r  ProgramCounter/temp0__211_carry_i_26/O
                         net (fo=1, routed)           0.000    13.480    ProgramCounter/temp0__211_carry_i_26_n_0
    SLICE_X60Y19         CARRY4 (Prop_carry4_S[1]_CO[3])
                                                      0.533    14.013 r  ProgramCounter/temp0__211_carry_i_16/CO[3]
                         net (fo=1, routed)           0.000    14.013    ProgramCounter/temp0__211_carry_i_16_n_0
    SLICE_X60Y20         CARRY4 (Prop_carry4_CI_CO[3])
                                                      0.117    14.130 r  ProgramCounter/temp_reg[3]_i_3/CO[3]
                         net (fo=1, routed)           0.000    14.130    ProgramCounter/temp_reg[3]_i_3_n_0
    SLICE_X60Y21         CARRY4 (Prop_carry4_CI_CO[1])
                                                      0.157    14.287 r  ProgramCounter/temp_reg[3]_i_2/CO[1]
                         net (fo=12, routed)          1.190    15.477    ProgramCounter/CO[0]
    SLICE_X59Y18         LUT6 (Prop_lut6_I0_O)        0.332    15.809 r  ProgramCounter/temp0__211_carry_i_23/O
                         net (fo=1, routed)           0.000    15.809    ProgramCounter/temp0__211_carry_i_23_n_0
    SLICE_X59Y18         CARRY4 (Prop_carry4_S[1]_CO[3])
                                                      0.550    16.359 r  ProgramCounter/temp0__211_carry_i_11/CO[3]
                         net (fo=1, routed)           0.000    16.359    ProgramCounter/temp0__211_carry_i_11_n_0
    SLICE_X59Y19         CARRY4 (Prop_carry4_CI_CO[3])
                                                      0.114    16.473 r  ProgramCounter/temp0__211_carry_i_8/CO[3]
                         net (fo=1, routed)           0.000    16.473    ProgramCounter/temp0__211_carry_i_8_n_0
    SLICE_X59Y20         CARRY4 (Prop_carry4_CI_CO[1])
                                                      0.157    16.630 r  ProgramCounter/temp_reg[2]_i_2/CO[1]
                         net (fo=12, routed)          1.208    17.838    ProgramCounter/temp_reg[2]_i_4_0[0]
    SLICE_X61Y18         LUT6 (Prop_lut6_I0_O)        0.329    18.167 r  ProgramCounter/temp0__211_carry_i_15/O
                         net (fo=1, routed)           0.000    18.167    ProgramCounter/temp0__211_carry_i_15_n_0
    SLICE_X61Y18         CARRY4 (Prop_carry4_S[1]_CO[3])
                                                      0.550    18.717 r  ProgramCounter/temp0__211_carry_i_2/CO[3]
                         net (fo=1, routed)           0.000    18.717    ProgramCounter/temp0__211_carry_i_2_n_0
    SLICE_X61Y19         CARRY4 (Prop_carry4_CI_CO[3])
                                                      0.114    18.831 r  ProgramCounter/temp0__211_carry__0_i_1/CO[3]
                         net (fo=1, routed)           0.000    18.831    ProgramCounter/temp0__211_carry__0_i_1_n_0
    SLICE_X61Y20         CARRY4 (Prop_carry4_CI_CO[1])
                                                      0.157    18.988 r  ProgramCounter/temp0__211_carry_i_1/CO[1]
                         net (fo=12, routed)          0.613    19.601    ProgramCounter/temp0__211_carry_i_10_0[0]
    SLICE_X64Y20         LUT6 (Prop_lut6_I5_O)        0.329    19.930 r  ProgramCounter/temp_reg[1]_i_1/O
                         net (fo=1, routed)           0.619    20.549    ALU_II/D[1]
    SLICE_X63Y23         LDCE                                         r  ALU_II/temp_reg[1]/D
  -------------------------------------------------------------------    -------------------

Slack:                    inf
  Source:                 ProgramCounter/temp_counter_reg[2]/C
                            (rising edge-triggered cell FDCE)
  Destination:            ALU_II/temp_reg[2]/D
  Path Group:             (none)
  Path Type:              Max at Slow Process Corner
  Data Path Delay:        18.332ns  (logic 6.712ns (36.613%)  route 11.620ns (63.387%))
  Logic Levels:           24  (CARRY4=14 FDCE=1 LUT3=2 LUT5=3 LUT6=4)

    Location             Delay type                Incr(ns)  Path(ns)    Netlist Resource(s)
  -------------------------------------------------------------------    -------------------
    SLICE_X60Y27         FDCE                         0.000     0.000 r  ProgramCounter/temp_counter_reg[2]/C
    SLICE_X60Y27         FDCE (Prop_fdce_C_Q)         0.518     0.518 r  ProgramCounter/temp_counter_reg[2]/Q
                         net (fo=108, routed)         2.078     2.596    ProgramCounter/count[2]
    SLICE_X64Y24         LUT5 (Prop_lut5_I3_O)        0.124     2.720 f  ProgramCounter/temp0__7_carry_i_18/O
                         net (fo=21, routed)          0.850     3.569    ProgramCounter/accumulator_reg_reg[7]_0[0]
    SLICE_X61Y24         LUT5 (Prop_lut5_I0_O)        0.124     3.693 f  ProgramCounter/temp0__7_carry_i_12/O
                         net (fo=6, routed)           0.590     4.283    ProgramCounter/temp0__7_carry_i_12_n_0
    SLICE_X62Y24         LUT5 (Prop_lut5_I2_O)        0.124     4.407 r  ProgramCounter/temp0__7_carry_i_1/O
                         net (fo=14, routed)          0.656     5.063    ProgramCounter/accumulator_reg_reg[7]_1
    SLICE_X59Y22         LUT6 (Prop_lut6_I0_O)        0.124     5.187 r  ProgramCounter/temp0__7_carry_i_9/O
                         net (fo=1, routed)           0.870     6.057    ALU_II/S[0]
    SLICE_X60Y22         CARRY4 (Prop_carry4_S[0]_CO[3])
                                                      0.637     6.694 r  ALU_II/temp0__7_carry/CO[3]
                         net (fo=1, routed)           0.000     6.694    ALU_II/temp0__7_carry_n_0
    SLICE_X60Y23         CARRY4 (Prop_carry4_CI_CO[3])
                                                      0.117     6.811 r  ALU_II/temp0__7_carry__0/CO[3]
                         net (fo=1, routed)           0.000     6.811    ALU_II/temp0__7_carry__0_n_0
    SLICE_X60Y24         CARRY4 (Prop_carry4_CI_CO[0])
                                                      0.254     7.065 r  ALU_II/temp0__7_carry__1/CO[0]
                         net (fo=12, routed)          1.460     8.525    ALU_II/CO[0]
    SLICE_X61Y21         LUT3 (Prop_lut3_I0_O)        0.367     8.892 r  ALU_II/temp_reg[5]_i_12/O
                         net (fo=1, routed)           0.000     8.892    ALU_II/temp_reg[5]_i_12_n_0
    SLICE_X61Y21         CARRY4 (Prop_carry4_S[2]_CO[3])
                                                      0.398     9.290 r  ALU_II/temp_reg[5]_i_6/CO[3]
                         net (fo=1, routed)           0.000     9.290    ALU_II/temp_reg[5]_i_6_n_0
    SLICE_X61Y22         CARRY4 (Prop_carry4_CI_CO[3])
                                                      0.114     9.404 r  ALU_II/temp_reg[5]_i_3/CO[3]
                         net (fo=1, routed)           0.000     9.404    ALU_II/temp_reg[5]_i_3_n_0
    SLICE_X61Y23         CARRY4 (Prop_carry4_CI_CO[1])
                                                      0.157     9.561 r  ALU_II/temp_reg[5]_i_2/CO[1]
                         net (fo=12, routed)          1.385    10.946    ProgramCounter/temp_reg[5][1]
    SLICE_X62Y21         LUT3 (Prop_lut3_I0_O)        0.329    11.275 r  ProgramCounter/temp_reg[4]_i_9/O
                         net (fo=1, routed)           0.000    11.275    ProgramCounter/temp_reg[4]_i_9_n_0
    SLICE_X62Y21         CARRY4 (Prop_carry4_S[1]_CO[3])
                                                      0.550    11.825 r  ProgramCounter/temp_reg[4]_i_3/CO[3]
                         net (fo=1, routed)           0.000    11.825    ProgramCounter/temp_reg[4]_i_3_n_0
    SLICE_X62Y22         CARRY4 (Prop_carry4_CI_CO[1])
                                                      0.157    11.982 r  ProgramCounter/temp_reg[4]_i_2/CO[1]
                         net (fo=12, routed)          1.169    13.151    ProgramCounter/temp_reg[4]_i_5_0[0]
    SLICE_X60Y19         LUT6 (Prop_lut6_I0_O)        0.329    13.480 r  ProgramCounter/temp0__211_carry_i_26/O
                         net (fo=1, routed)           0.000    13.480    ProgramCounter/temp0__211_carry_i_26_n_0
    SLICE_X60Y19         CARRY4 (Prop_carry4_S[1]_CO[3])
                                                      0.533    14.013 r  ProgramCounter/temp0__211_carry_i_16/CO[3]
                         net (fo=1, routed)           0.000    14.013    ProgramCounter/temp0__211_carry_i_16_n_0
    SLICE_X60Y20         CARRY4 (Prop_carry4_CI_CO[3])
                                                      0.117    14.130 r  ProgramCounter/temp_reg[3]_i_3/CO[3]
                         net (fo=1, routed)           0.000    14.130    ProgramCounter/temp_reg[3]_i_3_n_0
    SLICE_X60Y21         CARRY4 (Prop_carry4_CI_CO[1])
                                                      0.157    14.287 r  ProgramCounter/temp_reg[3]_i_2/CO[1]
                         net (fo=12, routed)          1.190    15.477    ProgramCounter/CO[0]
    SLICE_X59Y18         LUT6 (Prop_lut6_I0_O)        0.332    15.809 r  ProgramCounter/temp0__211_carry_i_23/O
                         net (fo=1, routed)           0.000    15.809    ProgramCounter/temp0__211_carry_i_23_n_0
    SLICE_X59Y18         CARRY4 (Prop_carry4_S[1]_CO[3])
                                                      0.550    16.359 r  ProgramCounter/temp0__211_carry_i_11/CO[3]
                         net (fo=1, routed)           0.000    16.359    ProgramCounter/temp0__211_carry_i_11_n_0
    SLICE_X59Y19         CARRY4 (Prop_carry4_CI_CO[3])
                                                      0.114    16.473 r  ProgramCounter/temp0__211_carry_i_8/CO[3]
                         net (fo=1, routed)           0.000    16.473    ProgramCounter/temp0__211_carry_i_8_n_0
    SLICE_X59Y20         CARRY4 (Prop_carry4_CI_CO[1])
                                                      0.157    16.630 r  ProgramCounter/temp_reg[2]_i_2/CO[1]
                         net (fo=12, routed)          0.908    17.537    ProgramCounter/temp_reg[2]_i_4_0[0]
    SLICE_X64Y21         LUT6 (Prop_lut6_I5_O)        0.329    17.866 r  ProgramCounter/temp_reg[2]_i_1/O
                         net (fo=1, routed)           0.466    18.332    ALU_II/D[2]
    SLICE_X63Y23         LDCE                                         r  ALU_II/temp_reg[2]/D
  -------------------------------------------------------------------    -------------------

Slack:                    inf
  Source:                 ProgramCounter/temp_counter_reg[2]/C
                            (rising edge-triggered cell FDCE)
  Destination:            ALU_II/temp_reg[3]/D
  Path Group:             (none)
  Path Type:              Max at Slow Process Corner
  Data Path Delay:        15.436ns  (logic 5.562ns (36.032%)  route 9.874ns (63.968%))
  Logic Levels:           20  (CARRY4=11 FDCE=1 LUT3=2 LUT5=3 LUT6=3)

    Location             Delay type                Incr(ns)  Path(ns)    Netlist Resource(s)
  -------------------------------------------------------------------    -------------------
    SLICE_X60Y27         FDCE                         0.000     0.000 r  ProgramCounter/temp_counter_reg[2]/C
    SLICE_X60Y27         FDCE (Prop_fdce_C_Q)         0.518     0.518 r  ProgramCounter/temp_counter_reg[2]/Q
                         net (fo=108, routed)         2.078     2.596    ProgramCounter/count[2]
    SLICE_X64Y24         LUT5 (Prop_lut5_I3_O)        0.124     2.720 f  ProgramCounter/temp0__7_carry_i_18/O
                         net (fo=21, routed)          0.850     3.569    ProgramCounter/accumulator_reg_reg[7]_0[0]
    SLICE_X61Y24         LUT5 (Prop_lut5_I0_O)        0.124     3.693 f  ProgramCounter/temp0__7_carry_i_12/O
                         net (fo=6, routed)           0.590     4.283    ProgramCounter/temp0__7_carry_i_12_n_0
    SLICE_X62Y24         LUT5 (Prop_lut5_I2_O)        0.124     4.407 r  ProgramCounter/temp0__7_carry_i_1/O
                         net (fo=14, routed)          0.656     5.063    ProgramCounter/accumulator_reg_reg[7]_1
    SLICE_X59Y22         LUT6 (Prop_lut6_I0_O)        0.124     5.187 r  ProgramCounter/temp0__7_carry_i_9/O
                         net (fo=1, routed)           0.870     6.057    ALU_II/S[0]
    SLICE_X60Y22         CARRY4 (Prop_carry4_S[0]_CO[3])
                                                      0.637     6.694 r  ALU_II/temp0__7_carry/CO[3]
                         net (fo=1, routed)           0.000     6.694    ALU_II/temp0__7_carry_n_0
    SLICE_X60Y23         CARRY4 (Prop_carry4_CI_CO[3])
                                                      0.117     6.811 r  ALU_II/temp0__7_carry__0/CO[3]
                         net (fo=1, routed)           0.000     6.811    ALU_II/temp0__7_carry__0_n_0
    SLICE_X60Y24         CARRY4 (Prop_carry4_CI_CO[0])
                                                      0.254     7.065 r  ALU_II/temp0__7_carry__1/CO[0]
                         net (fo=12, routed)          1.460     8.525    ALU_II/CO[0]
    SLICE_X61Y21         LUT3 (Prop_lut3_I0_O)        0.367     8.892 r  ALU_II/temp_reg[5]_i_12/O
                         net (fo=1, routed)           0.000     8.892    ALU_II/temp_reg[5]_i_12_n_0
    SLICE_X61Y21         CARRY4 (Prop_carry4_S[2]_CO[3])
                                                      0.398     9.290 r  ALU_II/temp_reg[5]_i_6/CO[3]
                         net (fo=1, routed)           0.000     9.290    ALU_II/temp_reg[5]_i_6_n_0
    SLICE_X61Y22         CARRY4 (Prop_carry4_CI_CO[3])
                                                      0.114     9.404 r  ALU_II/temp_reg[5]_i_3/CO[3]
                         net (fo=1, routed)           0.000     9.404    ALU_II/temp_reg[5]_i_3_n_0
    SLICE_X61Y23         CARRY4 (Prop_carry4_CI_CO[1])
                                                      0.157     9.561 r  ALU_II/temp_reg[5]_i_2/CO[1]
                         net (fo=12, routed)          1.385    10.946    ProgramCounter/temp_reg[5][1]
    SLICE_X62Y21         LUT3 (Prop_lut3_I0_O)        0.329    11.275 r  ProgramCounter/temp_reg[4]_i_9/O
                         net (fo=1, routed)           0.000    11.275    ProgramCounter/temp_reg[4]_i_9_n_0
    SLICE_X62Y21         CARRY4 (Prop_carry4_S[1]_CO[3])
                                                      0.550    11.825 r  ProgramCounter/temp_reg[4]_i_3/CO[3]
                         net (fo=1, routed)           0.000    11.825    ProgramCounter/temp_reg[4]_i_3_n_0
    SLICE_X62Y22         CARRY4 (Prop_carry4_CI_CO[1])
                                                      0.157    11.982 r  ProgramCounter/temp_reg[4]_i_2/CO[1]
                         net (fo=12, routed)          1.169    13.151    ProgramCounter/temp_reg[4]_i_5_0[0]
    SLICE_X60Y19         LUT6 (Prop_lut6_I0_O)        0.329    13.480 r  ProgramCounter/temp0__211_carry_i_26/O
                         net (fo=1, routed)           0.000    13.480    ProgramCounter/temp0__211_carry_i_26_n_0
    SLICE_X60Y19         CARRY4 (Prop_carry4_S[1]_CO[3])
                                                      0.533    14.013 r  ProgramCounter/temp0__211_carry_i_16/CO[3]
                         net (fo=1, routed)           0.000    14.013    ProgramCounter/temp0__211_carry_i_16_n_0
    SLICE_X60Y20         CARRY4 (Prop_carry4_CI_CO[3])
                                                      0.117    14.130 r  ProgramCounter/temp_reg[3]_i_3/CO[3]
                         net (fo=1, routed)           0.000    14.130    ProgramCounter/temp_reg[3]_i_3_n_0
    SLICE_X60Y21         CARRY4 (Prop_carry4_CI_CO[1])
                                                      0.157    14.287 r  ProgramCounter/temp_reg[3]_i_2/CO[1]
                         net (fo=12, routed)          0.456    14.743    ProgramCounter/CO[0]
    SLICE_X61Y24         LUT6 (Prop_lut6_I5_O)        0.332    15.075 r  ProgramCounter/temp_reg[3]_i_1/O
                         net (fo=1, routed)           0.362    15.436    ALU_II/D[3]
    SLICE_X60Y26         LDCE                                         r  ALU_II/temp_reg[3]/D
  -------------------------------------------------------------------    -------------------

Slack:                    inf
  Source:                 ProgramCounter/temp_counter_reg[2]/C
                            (rising edge-triggered cell FDCE)
  Destination:            ALU_II/temp_reg[4]/D
  Path Group:             (none)
  Path Type:              Max at Slow Process Corner
  Data Path Delay:        13.729ns  (logic 4.423ns (32.216%)  route 9.306ns (67.784%))
  Logic Levels:           16  (CARRY4=8 FDCE=1 LUT3=2 LUT5=3 LUT6=2)

    Location             Delay type                Incr(ns)  Path(ns)    Netlist Resource(s)
  -------------------------------------------------------------------    -------------------
    SLICE_X60Y27         FDCE                         0.000     0.000 r  ProgramCounter/temp_counter_reg[2]/C
    SLICE_X60Y27         FDCE (Prop_fdce_C_Q)         0.518     0.518 r  ProgramCounter/temp_counter_reg[2]/Q
                         net (fo=108, routed)         2.078     2.596    ProgramCounter/count[2]
    SLICE_X64Y24         LUT5 (Prop_lut5_I3_O)        0.124     2.720 f  ProgramCounter/temp0__7_carry_i_18/O
                         net (fo=21, routed)          0.850     3.569    ProgramCounter/accumulator_reg_reg[7]_0[0]
    SLICE_X61Y24         LUT5 (Prop_lut5_I0_O)        0.124     3.693 f  ProgramCounter/temp0__7_carry_i_12/O
                         net (fo=6, routed)           0.590     4.283    ProgramCounter/temp0__7_carry_i_12_n_0
    SLICE_X62Y24         LUT5 (Prop_lut5_I2_O)        0.124     4.407 r  ProgramCounter/temp0__7_carry_i_1/O
                         net (fo=14, routed)          0.656     5.063    ProgramCounter/accumulator_reg_reg[7]_1
    SLICE_X59Y22         LUT6 (Prop_lut6_I0_O)        0.124     5.187 r  ProgramCounter/temp0__7_carry_i_9/O
                         net (fo=1, routed)           0.870     6.057    ALU_II/S[0]
    SLICE_X60Y22         CARRY4 (Prop_carry4_S[0]_CO[3])
                                                      0.637     6.694 r  ALU_II/temp0__7_carry/CO[3]
                         net (fo=1, routed)           0.000     6.694    ALU_II/temp0__7_carry_n_0
    SLICE_X60Y23         CARRY4 (Prop_carry4_CI_CO[3])
                                                      0.117     6.811 r  ALU_II/temp0__7_carry__0/CO[3]
                         net (fo=1, routed)           0.000     6.811    ALU_II/temp0__7_carry__0_n_0
    SLICE_X60Y24         CARRY4 (Prop_carry4_CI_CO[0])
                                                      0.254     7.065 r  ALU_II/temp0__7_carry__1/CO[0]
                         net (fo=12, routed)          1.460     8.525    ALU_II/CO[0]
    SLICE_X61Y21         LUT3 (Prop_lut3_I0_O)        0.367     8.892 r  ALU_II/temp_reg[5]_i_12/O
                         net (fo=1, routed)           0.000     8.892    ALU_II/temp_reg[5]_i_12_n_0
    SLICE_X61Y21         CARRY4 (Prop_carry4_S[2]_CO[3])
                                                      0.398     9.290 r  ALU_II/temp_reg[5]_i_6/CO[3]
                         net (fo=1, routed)           0.000     9.290    ALU_II/temp_reg[5]_i_6_n_0
    SLICE_X61Y22         CARRY4 (Prop_carry4_CI_CO[3])
                                                      0.114     9.404 r  ALU_II/temp_reg[5]_i_3/CO[3]
                         net (fo=1, routed)           0.000     9.404    ALU_II/temp_reg[5]_i_3_n_0
    SLICE_X61Y23         CARRY4 (Prop_carry4_CI_CO[1])
                                                      0.157     9.561 r  ALU_II/temp_reg[5]_i_2/CO[1]
                         net (fo=12, routed)          1.385    10.946    ProgramCounter/temp_reg[5][1]
    SLICE_X62Y21         LUT3 (Prop_lut3_I0_O)        0.329    11.275 r  ProgramCounter/temp_reg[4]_i_9/O
                         net (fo=1, routed)           0.000    11.275    ProgramCounter/temp_reg[4]_i_9_n_0
    SLICE_X62Y21         CARRY4 (Prop_carry4_S[1]_CO[3])
                                                      0.550    11.825 r  ProgramCounter/temp_reg[4]_i_3/CO[3]
                         net (fo=1, routed)           0.000    11.825    ProgramCounter/temp_reg[4]_i_3_n_0
    SLICE_X62Y22         CARRY4 (Prop_carry4_CI_CO[1])
                                                      0.157    11.982 r  ProgramCounter/temp_reg[4]_i_2/CO[1]
                         net (fo=12, routed)          0.587    12.570    ProgramCounter/temp_reg[4]_i_5_0[0]
    SLICE_X62Y24         LUT6 (Prop_lut6_I5_O)        0.329    12.899 r  ProgramCounter/temp_reg[4]_i_1/O
                         net (fo=1, routed)           0.831    13.729    ALU_II/D[4]
    SLICE_X62Y26         LDCE                                         r  ALU_II/temp_reg[4]/D
  -------------------------------------------------------------------    -------------------

Slack:                    inf
  Source:                 ProgramCounter/temp_counter_reg[2]/C
                            (rising edge-triggered cell FDCE)
  Destination:            cat[5]
                            (output port)
  Path Group:             (none)
  Path Type:              Max at Slow Process Corner
  Data Path Delay:        13.473ns  (logic 5.352ns (39.726%)  route 8.121ns (60.274%))
  Logic Levels:           9  (FDCE=1 LUT2=1 LUT4=2 LUT6=4 OBUF=1)

    Location             Delay type                Incr(ns)  Path(ns)    Netlist Resource(s)
  -------------------------------------------------------------------    -------------------
    SLICE_X60Y27         FDCE                         0.000     0.000 r  ProgramCounter/temp_counter_reg[2]/C
    SLICE_X60Y27         FDCE (Prop_fdce_C_Q)         0.518     0.518 r  ProgramCounter/temp_counter_reg[2]/Q
                         net (fo=108, routed)         1.561     2.079    ProgramCounter/count[2]
    SLICE_X58Y25         LUT6 (Prop_lut6_I2_O)        0.124     2.203 r  ProgramCounter/temp_reg[7]_i_5/O
                         net (fo=1, routed)           0.808     3.011    ProgramCounter/temp_reg[7]_i_5_n_0
    SLICE_X58Y26         LUT6 (Prop_lut6_I2_O)        0.124     3.135 r  ProgramCounter/temp_reg[7]_i_3/O
                         net (fo=17, routed)          1.409     4.544    ALU_II/accumulator_reg_reg[1]
    SLICE_X62Y23         LUT2 (Prop_lut2_I1_O)        0.152     4.696 f  ALU_II/accumulator_reg[1]_i_5/O
                         net (fo=1, routed)           0.650     5.346    ProgramCounter/accumulator_reg_reg[1]
    SLICE_X62Y24         LUT6 (Prop_lut6_I5_O)        0.326     5.672 f  ProgramCounter/accumulator_reg[1]_i_1/O
                         net (fo=2, routed)           0.306     5.977    ProgramCounter/D[1]
    SLICE_X64Y24         LUT6 (Prop_lut6_I5_O)        0.124     6.101 f  ProgramCounter/cat_OBUF[6]_inst_i_12/O
                         net (fo=1, routed)           0.688     6.790    ProgramCounter/cat_OBUF[6]_inst_i_12_n_0
    SLICE_X64Y25         LUT4 (Prop_lut4_I3_O)        0.124     6.914 r  ProgramCounter/cat_OBUF[6]_inst_i_4/O
                         net (fo=7, routed)           0.825     7.739    ProgramCounter/cat_OBUF[6]_inst_i_4_n_0
    SLICE_X65Y23         LUT4 (Prop_lut4_I1_O)        0.153     7.892 r  ProgramCounter/cat_OBUF[5]_inst_i_1/O
                         net (fo=1, routed)           1.874     9.766    cat_OBUF[5]
    V5                   OBUF (Prop_obuf_I_O)         3.707    13.473 r  cat_OBUF[5]_inst/O
                         net (fo=0)                   0.000    13.473    cat[5]
    V5                                                                r  cat[5] (OUT)
  -------------------------------------------------------------------    -------------------

Slack:                    inf
  Source:                 ProgramCounter/temp_counter_reg[2]/C
                            (rising edge-triggered cell FDCE)
  Destination:            cat[6]
                            (output port)
  Path Group:             (none)
  Path Type:              Max at Slow Process Corner
  Data Path Delay:        13.460ns  (logic 5.147ns (38.242%)  route 8.313ns (61.758%))
  Logic Levels:           9  (FDCE=1 LUT2=1 LUT4=2 LUT6=4 OBUF=1)

    Location             Delay type                Incr(ns)  Path(ns)    Netlist Resource(s)
  -------------------------------------------------------------------    -------------------
    SLICE_X60Y27         FDCE                         0.000     0.000 r  ProgramCounter/temp_counter_reg[2]/C
    SLICE_X60Y27         FDCE (Prop_fdce_C_Q)         0.518     0.518 r  ProgramCounter/temp_counter_reg[2]/Q
                         net (fo=108, routed)         1.561     2.079    ProgramCounter/count[2]
    SLICE_X58Y25         LUT6 (Prop_lut6_I2_O)        0.124     2.203 r  ProgramCounter/temp_reg[7]_i_5/O
                         net (fo=1, routed)           0.808     3.011    ProgramCounter/temp_reg[7]_i_5_n_0
    SLICE_X58Y26         LUT6 (Prop_lut6_I2_O)        0.124     3.135 r  ProgramCounter/temp_reg[7]_i_3/O
                         net (fo=17, routed)          1.409     4.544    ALU_II/accumulator_reg_reg[1]
    SLICE_X62Y23         LUT2 (Prop_lut2_I1_O)        0.152     4.696 f  ALU_II/accumulator_reg[1]_i_5/O
                         net (fo=1, routed)           0.650     5.346    ProgramCounter/accumulator_reg_reg[1]
    SLICE_X62Y24         LUT6 (Prop_lut6_I5_O)        0.326     5.672 f  ProgramCounter/accumulator_reg[1]_i_1/O
                         net (fo=2, routed)           0.306     5.977    ProgramCounter/D[1]
    SLICE_X64Y24         LUT6 (Prop_lut6_I5_O)        0.124     6.101 f  ProgramCounter/cat_OBUF[6]_inst_i_12/O
                         net (fo=1, routed)           0.688     6.790    ProgramCounter/cat_OBUF[6]_inst_i_12_n_0
    SLICE_X64Y25         LUT4 (Prop_lut4_I3_O)        0.124     6.914 r  ProgramCounter/cat_OBUF[6]_inst_i_4/O
                         net (fo=7, routed)           0.828     7.742    ProgramCounter/cat_OBUF[6]_inst_i_4_n_0
    SLICE_X65Y23         LUT4 (Prop_lut4_I2_O)        0.124     7.866 r  ProgramCounter/cat_OBUF[6]_inst_i_1/O
                         net (fo=1, routed)           2.063     9.929    cat_OBUF[6]
    U7                   OBUF (Prop_obuf_I_O)         3.531    13.460 r  cat_OBUF[6]_inst/O
                         net (fo=0)                   0.000    13.460    cat[6]
    U7                                                                r  cat[6] (OUT)
  -------------------------------------------------------------------    -------------------

Slack:                    inf
  Source:                 ProgramCounter/temp_counter_reg[2]/C
                            (rising edge-triggered cell FDCE)
  Destination:            cat[4]
                            (output port)
  Path Group:             (none)
  Path Type:              Max at Slow Process Corner
  Data Path Delay:        13.288ns  (logic 5.136ns (38.651%)  route 8.152ns (61.349%))
  Logic Levels:           9  (FDCE=1 LUT2=1 LUT4=2 LUT6=4 OBUF=1)

    Location             Delay type                Incr(ns)  Path(ns)    Netlist Resource(s)
  -------------------------------------------------------------------    -------------------
    SLICE_X60Y27         FDCE                         0.000     0.000 r  ProgramCounter/temp_counter_reg[2]/C
    SLICE_X60Y27         FDCE (Prop_fdce_C_Q)         0.518     0.518 r  ProgramCounter/temp_counter_reg[2]/Q
                         net (fo=108, routed)         1.561     2.079    ProgramCounter/count[2]
    SLICE_X58Y25         LUT6 (Prop_lut6_I2_O)        0.124     2.203 r  ProgramCounter/temp_reg[7]_i_5/O
                         net (fo=1, routed)           0.808     3.011    ProgramCounter/temp_reg[7]_i_5_n_0
    SLICE_X58Y26         LUT6 (Prop_lut6_I2_O)        0.124     3.135 r  ProgramCounter/temp_reg[7]_i_3/O
                         net (fo=17, routed)          1.409     4.544    ALU_II/accumulator_reg_reg[1]
    SLICE_X62Y23         LUT2 (Prop_lut2_I1_O)        0.152     4.696 f  ALU_II/accumulator_reg[1]_i_5/O
                         net (fo=1, routed)           0.650     5.346    ProgramCounter/accumulator_reg_reg[1]
    SLICE_X62Y24         LUT6 (Prop_lut6_I5_O)        0.326     5.672 f  ProgramCounter/accumulator_reg[1]_i_1/O
                         net (fo=2, routed)           0.306     5.977    ProgramCounter/D[1]
    SLICE_X64Y24         LUT6 (Prop_lut6_I5_O)        0.124     6.101 f  ProgramCounter/cat_OBUF[6]_inst_i_12/O
                         net (fo=1, routed)           0.688     6.790    ProgramCounter/cat_OBUF[6]_inst_i_12_n_0
    SLICE_X64Y25         LUT4 (Prop_lut4_I3_O)        0.124     6.914 r  ProgramCounter/cat_OBUF[6]_inst_i_4/O
                         net (fo=7, routed)           0.825     7.739    ProgramCounter/cat_OBUF[6]_inst_i_4_n_0
    SLICE_X65Y23         LUT4 (Prop_lut4_I1_O)        0.124     7.863 r  ProgramCounter/cat_OBUF[4]_inst_i_1/O
                         net (fo=1, routed)           1.905     9.768    cat_OBUF[4]
    U5                   OBUF (Prop_obuf_I_O)         3.520    13.288 r  cat_OBUF[4]_inst/O
                         net (fo=0)                   0.000    13.288    cat[4]
    U5                                                                r  cat[4] (OUT)
  -------------------------------------------------------------------    -------------------

Slack:                    inf
  Source:                 ProgramCounter/temp_counter_reg[2]/C
                            (rising edge-triggered cell FDCE)
  Destination:            cat[1]
                            (output port)
  Path Group:             (none)
  Path Type:              Max at Slow Process Corner
  Data Path Delay:        13.172ns  (logic 5.145ns (39.060%)  route 8.027ns (60.940%))
  Logic Levels:           9  (FDCE=1 LUT2=1 LUT4=2 LUT5=1 LUT6=3 OBUF=1)

    Location             Delay type                Incr(ns)  Path(ns)    Netlist Resource(s)
  -------------------------------------------------------------------    -------------------
    SLICE_X60Y27         FDCE                         0.000     0.000 r  ProgramCounter/temp_counter_reg[2]/C
    SLICE_X60Y27         FDCE (Prop_fdce_C_Q)         0.518     0.518 r  ProgramCounter/temp_counter_reg[2]/Q
                         net (fo=108, routed)         1.561     2.079    ProgramCounter/count[2]
    SLICE_X58Y25         LUT6 (Prop_lut6_I2_O)        0.124     2.203 f  ProgramCounter/temp_reg[7]_i_5/O
                         net (fo=1, routed)           0.808     3.011    ProgramCounter/temp_reg[7]_i_5_n_0
    SLICE_X58Y26         LUT6 (Prop_lut6_I2_O)        0.124     3.135 f  ProgramCounter/temp_reg[7]_i_3/O
                         net (fo=17, routed)          0.604     3.739    ALU_II/accumulator_reg_reg[1]
    SLICE_X62Y27         LUT2 (Prop_lut2_I1_O)        0.124     3.863 r  ALU_II/accumulator_reg[4]_i_5/O
                         net (fo=1, routed)           0.820     4.683    ProgramCounter/accumulator_reg_reg[4]_0
    SLICE_X61Y27         LUT6 (Prop_lut6_I5_O)        0.124     4.807 r  ProgramCounter/accumulator_reg[4]_i_1/O
                         net (fo=2, routed)           1.060     5.867    ProgramCounter/D[4]
    SLICE_X61Y26         LUT5 (Prop_lut5_I4_O)        0.124     5.991 f  ProgramCounter/cat_OBUF[6]_inst_i_9/O
                         net (fo=1, routed)           0.310     6.301    ProgramCounter/cat_OBUF[6]_inst_i_9_n_0
    SLICE_X64Y26         LUT4 (Prop_lut4_I0_O)        0.124     6.425 r  ProgramCounter/cat_OBUF[6]_inst_i_3/O
                         net (fo=7, routed)           1.200     7.625    ProgramCounter/cat_OBUF[6]_inst_i_3_n_0
    SLICE_X65Y23         LUT4 (Prop_lut4_I3_O)        0.152     7.777 r  ProgramCounter/cat_OBUF[1]_inst_i_1/O
                         net (fo=1, routed)           1.664     9.441    cat_OBUF[1]
    W6                   OBUF (Prop_obuf_I_O)         3.731    13.172 r  cat_OBUF[1]_inst/O
                         net (fo=0)                   0.000    13.172    cat[1]
    W6                                                                r  cat[1] (OUT)
  -------------------------------------------------------------------    -------------------

Slack:                    inf
  Source:                 ProgramCounter/temp_counter_reg[2]/C
                            (rising edge-triggered cell FDCE)
  Destination:            cat[3]
                            (output port)
  Path Group:             (none)
  Path Type:              Max at Slow Process Corner
  Data Path Delay:        13.153ns  (logic 6.079ns (46.214%)  route 7.075ns (53.786%))
  Logic Levels:           10  (CARRY4=2 FDCE=1 LUT4=2 LUT5=2 LUT6=2 OBUF=1)

    Location             Delay type                Incr(ns)  Path(ns)    Netlist Resource(s)
  -------------------------------------------------------------------    -------------------
    SLICE_X60Y27         FDCE                         0.000     0.000 r  ProgramCounter/temp_counter_reg[2]/C
    SLICE_X60Y27         FDCE (Prop_fdce_C_Q)         0.518     0.518 r  ProgramCounter/temp_counter_reg[2]/Q
                         net (fo=108, routed)         1.575     2.093    ProgramCounter/count[2]
    SLICE_X59Y24         LUT5 (Prop_lut5_I1_O)        0.124     2.217 r  ProgramCounter/i__carry_i_7/O
                         net (fo=1, routed)           0.000     2.217    ALU_I/accumulator_reg[0]_i_3_0[1]
    SLICE_X59Y24         CARRY4 (Prop_carry4_S[1]_CO[3])
                                                      0.550     2.767 r  ALU_I/result0_inferred__0/i__carry/CO[3]
                         net (fo=1, routed)           0.009     2.776    ALU_I/result0_inferred__0/i__carry_n_0
    SLICE_X59Y25         CARRY4 (Prop_carry4_CI_O[3])
                                                      0.313     3.089 f  ALU_I/result0_inferred__0/i__carry__0/O[3]
                         net (fo=1, routed)           0.662     3.751    ProgramCounter/data1[7]
    SLICE_X58Y25         LUT6 (Prop_lut6_I0_O)        0.306     4.057 f  ProgramCounter/led_reg[0]_i_3/O
                         net (fo=1, routed)           1.021     5.079    ProgramCounter/led_reg[0]_i_3_n_0
    SLICE_X61Y26         LUT4 (Prop_lut4_I3_O)        0.124     5.203 f  ProgramCounter/led_reg[0]_i_1/O
                         net (fo=4, routed)           0.679     5.882    ProgramCounter/D[7]
    SLICE_X61Y26         LUT5 (Prop_lut5_I4_O)        0.124     6.006 f  ProgramCounter/cat_OBUF[6]_inst_i_6/O
                         net (fo=1, routed)           0.433     6.438    ProgramCounter/cat_OBUF[6]_inst_i_6_n_0
    SLICE_X61Y26         LUT6 (Prop_lut6_I0_O)        0.124     6.562 r  ProgramCounter/cat_OBUF[6]_inst_i_2/O
                         net (fo=7, routed)           0.888     7.450    ProgramCounter/cat_OBUF[6]_inst_i_2_n_0
    SLICE_X65Y23         LUT4 (Prop_lut4_I0_O)        0.152     7.602 r  ProgramCounter/cat_OBUF[3]_inst_i_1/O
                         net (fo=1, routed)           1.808     9.410    cat_OBUF[3]
    V8                   OBUF (Prop_obuf_I_O)         3.744    13.153 r  cat_OBUF[3]_inst/O
                         net (fo=0)                   0.000    13.153    cat[3]
    V8                                                                r  cat[3] (OUT)
  -------------------------------------------------------------------    -------------------





Min Delay Paths
--------------------------------------------------------------------------------------
Slack:                    inf
  Source:                 DebouncerCount/Q2_reg/C
                            (rising edge-triggered cell FDRE)
  Destination:            DebouncerCount/Q3_reg/D
  Path Group:             (none)
  Path Type:              Min at Fast Process Corner
  Data Path Delay:        0.322ns  (logic 0.141ns (43.738%)  route 0.181ns (56.262%))
  Logic Levels:           1  (FDRE=1)

    Location             Delay type                Incr(ns)  Path(ns)    Netlist Resource(s)
  -------------------------------------------------------------------    -------------------
    SLICE_X59Y16         FDRE                         0.000     0.000 r  DebouncerCount/Q2_reg/C
    SLICE_X59Y16         FDRE (Prop_fdre_C_Q)         0.141     0.141 r  DebouncerCount/Q2_reg/Q
                         net (fo=2, routed)           0.181     0.322    DebouncerCount/Q2
    SLICE_X59Y16         FDRE                                         r  DebouncerCount/Q3_reg/D
  -------------------------------------------------------------------    -------------------

Slack:                    inf
  Source:                 DebouncerCount/counter_reg[10]/C
                            (rising edge-triggered cell FDRE)
  Destination:            DebouncerCount/counter_reg[10]/D
  Path Group:             (none)
  Path Type:              Min at Fast Process Corner
  Data Path Delay:        0.399ns  (logic 0.274ns (68.589%)  route 0.125ns (31.411%))
  Logic Levels:           2  (CARRY4=1 FDRE=1)

    Location             Delay type                Incr(ns)  Path(ns)    Netlist Resource(s)
  -------------------------------------------------------------------    -------------------
    SLICE_X64Y30         FDRE                         0.000     0.000 r  DebouncerCount/counter_reg[10]/C
    SLICE_X64Y30         FDRE (Prop_fdre_C_Q)         0.164     0.164 r  DebouncerCount/counter_reg[10]/Q
                         net (fo=2, routed)           0.125     0.289    DebouncerCount/SSD1/numar_reg[10]
    SLICE_X64Y30         CARRY4 (Prop_carry4_S[2]_O[2])
                                                      0.110     0.399 r  DebouncerCount/counter_reg[8]_i_1/O[2]
                         net (fo=1, routed)           0.000     0.399    DebouncerCount/counter_reg[8]_i_1_n_5
    SLICE_X64Y30         FDRE                                         r  DebouncerCount/counter_reg[10]/D
  -------------------------------------------------------------------    -------------------

Slack:                    inf
  Source:                 DebouncerCount/counter_reg[6]/C
                            (rising edge-triggered cell FDRE)
  Destination:            DebouncerCount/counter_reg[6]/D
  Path Group:             (none)
  Path Type:              Min at Fast Process Corner
  Data Path Delay:        0.400ns  (logic 0.274ns (68.524%)  route 0.126ns (31.476%))
  Logic Levels:           2  (CARRY4=1 FDRE=1)

    Location             Delay type                Incr(ns)  Path(ns)    Netlist Resource(s)
  -------------------------------------------------------------------    -------------------
    SLICE_X64Y29         FDRE                         0.000     0.000 r  DebouncerCount/counter_reg[6]/C
    SLICE_X64Y29         FDRE (Prop_fdre_C_Q)         0.164     0.164 r  DebouncerCount/counter_reg[6]/Q
                         net (fo=2, routed)           0.126     0.290    DebouncerCount/SSD1/numar_reg[6]
    SLICE_X64Y29         CARRY4 (Prop_carry4_S[2]_O[2])
                                                      0.110     0.400 r  DebouncerCount/counter_reg[4]_i_1/O[2]
                         net (fo=1, routed)           0.000     0.400    DebouncerCount/counter_reg[4]_i_1_n_5
    SLICE_X64Y29         FDRE                                         r  DebouncerCount/counter_reg[6]/D
  -------------------------------------------------------------------    -------------------

Slack:                    inf
  Source:                 DebouncerCount/counter_reg[2]/C
                            (rising edge-triggered cell FDRE)
  Destination:            DebouncerCount/counter_reg[2]/D
  Path Group:             (none)
  Path Type:              Min at Fast Process Corner
  Data Path Delay:        0.401ns  (logic 0.274ns (68.401%)  route 0.127ns (31.599%))
  Logic Levels:           2  (CARRY4=1 FDRE=1)

    Location             Delay type                Incr(ns)  Path(ns)    Netlist Resource(s)
  -------------------------------------------------------------------    -------------------
    SLICE_X64Y28         FDRE                         0.000     0.000 r  DebouncerCount/counter_reg[2]/C
    SLICE_X64Y28         FDRE (Prop_fdre_C_Q)         0.164     0.164 r  DebouncerCount/counter_reg[2]/Q
                         net (fo=2, routed)           0.127     0.291    DebouncerCount/SSD1/numar_reg[2]
    SLICE_X64Y28         CARRY4 (Prop_carry4_S[2]_O[2])
                                                      0.110     0.401 r  DebouncerCount/counter_reg[0]_i_1/O[2]
                         net (fo=1, routed)           0.000     0.401    DebouncerCount/counter_reg[0]_i_1_n_5
    SLICE_X64Y28         FDRE                                         r  DebouncerCount/counter_reg[2]/D
  -------------------------------------------------------------------    -------------------

Slack:                    inf
  Source:                 DebouncerCount/counter_reg[14]/C
                            (rising edge-triggered cell FDRE)
  Destination:            DebouncerCount/counter_reg[14]/D
  Path Group:             (none)
  Path Type:              Min at Fast Process Corner
  Data Path Delay:        0.412ns  (logic 0.274ns (66.556%)  route 0.138ns (33.444%))
  Logic Levels:           2  (CARRY4=1 FDRE=1)

    Location             Delay type                Incr(ns)  Path(ns)    Netlist Resource(s)
  -------------------------------------------------------------------    -------------------
    SLICE_X64Y31         FDRE                         0.000     0.000 r  DebouncerCount/counter_reg[14]/C
    SLICE_X64Y31         FDRE (Prop_fdre_C_Q)         0.164     0.164 r  DebouncerCount/counter_reg[14]/Q
                         net (fo=10, routed)          0.138     0.302    DebouncerCount/p_0_in[0]
    SLICE_X64Y31         CARRY4 (Prop_carry4_S[2]_O[2])
                                                      0.110     0.412 r  DebouncerCount/counter_reg[12]_i_1/O[2]
                         net (fo=1, routed)           0.000     0.412    DebouncerCount/counter_reg[12]_i_1_n_5
    SLICE_X64Y31         FDRE                                         r  DebouncerCount/counter_reg[14]/D
  -------------------------------------------------------------------    -------------------

Slack:                    inf
  Source:                 DebouncerCount/counter_reg[10]/C
                            (rising edge-triggered cell FDRE)
  Destination:            DebouncerCount/counter_reg[11]/D
  Path Group:             (none)
  Path Type:              Min at Fast Process Corner
  Data Path Delay:        0.435ns  (logic 0.310ns (71.185%)  route 0.125ns (28.815%))
  Logic Levels:           2  (CARRY4=1 FDRE=1)

    Location             Delay type                Incr(ns)  Path(ns)    Netlist Resource(s)
  -------------------------------------------------------------------    -------------------
    SLICE_X64Y30         FDRE                         0.000     0.000 r  DebouncerCount/counter_reg[10]/C
    SLICE_X64Y30         FDRE (Prop_fdre_C_Q)         0.164     0.164 r  DebouncerCount/counter_reg[10]/Q
                         net (fo=2, routed)           0.125     0.289    DebouncerCount/SSD1/numar_reg[10]
    SLICE_X64Y30         CARRY4 (Prop_carry4_S[2]_O[3])
                                                      0.146     0.435 r  DebouncerCount/counter_reg[8]_i_1/O[3]
                         net (fo=1, routed)           0.000     0.435    DebouncerCount/counter_reg[8]_i_1_n_4
    SLICE_X64Y30         FDRE                                         r  DebouncerCount/counter_reg[11]/D
  -------------------------------------------------------------------    -------------------

Slack:                    inf
  Source:                 DebouncerCount/counter_reg[6]/C
                            (rising edge-triggered cell FDRE)
  Destination:            DebouncerCount/counter_reg[7]/D
  Path Group:             (none)
  Path Type:              Min at Fast Process Corner
  Data Path Delay:        0.436ns  (logic 0.310ns (71.124%)  route 0.126ns (28.876%))
  Logic Levels:           2  (CARRY4=1 FDRE=1)

    Location             Delay type                Incr(ns)  Path(ns)    Netlist Resource(s)
  -------------------------------------------------------------------    -------------------
    SLICE_X64Y29         FDRE                         0.000     0.000 r  DebouncerCount/counter_reg[6]/C
    SLICE_X64Y29         FDRE (Prop_fdre_C_Q)         0.164     0.164 r  DebouncerCount/counter_reg[6]/Q
                         net (fo=2, routed)           0.126     0.290    DebouncerCount/SSD1/numar_reg[6]
    SLICE_X64Y29         CARRY4 (Prop_carry4_S[2]_O[3])
                                                      0.146     0.436 r  DebouncerCount/counter_reg[4]_i_1/O[3]
                         net (fo=1, routed)           0.000     0.436    DebouncerCount/counter_reg[4]_i_1_n_4
    SLICE_X64Y29         FDRE                                         r  DebouncerCount/counter_reg[7]/D
  -------------------------------------------------------------------    -------------------

Slack:                    inf
  Source:                 DebouncerCount/counter_reg[2]/C
                            (rising edge-triggered cell FDRE)
  Destination:            DebouncerCount/counter_reg[3]/D
  Path Group:             (none)
  Path Type:              Min at Fast Process Corner
  Data Path Delay:        0.437ns  (logic 0.310ns (71.007%)  route 0.127ns (28.993%))
  Logic Levels:           2  (CARRY4=1 FDRE=1)

    Location             Delay type                Incr(ns)  Path(ns)    Netlist Resource(s)
  -------------------------------------------------------------------    -------------------
    SLICE_X64Y28         FDRE                         0.000     0.000 r  DebouncerCount/counter_reg[2]/C
    SLICE_X64Y28         FDRE (Prop_fdre_C_Q)         0.164     0.164 r  DebouncerCount/counter_reg[2]/Q
                         net (fo=2, routed)           0.127     0.291    DebouncerCount/SSD1/numar_reg[2]
    SLICE_X64Y28         CARRY4 (Prop_carry4_S[2]_O[3])
                                                      0.146     0.437 r  DebouncerCount/counter_reg[0]_i_1/O[3]
                         net (fo=1, routed)           0.000     0.437    DebouncerCount/counter_reg[0]_i_1_n_4
    SLICE_X64Y28         FDRE                                         r  DebouncerCount/counter_reg[3]/D
  -------------------------------------------------------------------    -------------------

Slack:                    inf
  Source:                 DebouncerCount/counter_reg[14]/C
                            (rising edge-triggered cell FDRE)
  Destination:            DebouncerCount/counter_reg[15]/D
  Path Group:             (none)
  Path Type:              Min at Fast Process Corner
  Data Path Delay:        0.448ns  (logic 0.310ns (69.246%)  route 0.138ns (30.754%))
  Logic Levels:           2  (CARRY4=1 FDRE=1)

    Location             Delay type                Incr(ns)  Path(ns)    Netlist Resource(s)
  -------------------------------------------------------------------    -------------------
    SLICE_X64Y31         FDRE                         0.000     0.000 r  DebouncerCount/counter_reg[14]/C
    SLICE_X64Y31         FDRE (Prop_fdre_C_Q)         0.164     0.164 r  DebouncerCount/counter_reg[14]/Q
                         net (fo=10, routed)          0.138     0.302    DebouncerCount/p_0_in[0]
    SLICE_X64Y31         CARRY4 (Prop_carry4_S[2]_O[3])
                                                      0.146     0.448 r  DebouncerCount/counter_reg[12]_i_1/O[3]
                         net (fo=1, routed)           0.000     0.448    DebouncerCount/counter_reg[12]_i_1_n_4
    SLICE_X64Y31         FDRE                                         r  DebouncerCount/counter_reg[15]/D
  -------------------------------------------------------------------    -------------------

Slack:                    inf
  Source:                 DebouncerCount/counter_reg[0]/C
                            (rising edge-triggered cell FDRE)
  Destination:            DebouncerCount/counter_reg[0]/D
  Path Group:             (none)
  Path Type:              Min at Fast Process Corner
  Data Path Delay:        0.454ns  (logic 0.279ns (61.413%)  route 0.175ns (38.587%))
  Logic Levels:           3  (CARRY4=1 FDRE=1 LUT1=1)

    Location             Delay type                Incr(ns)  Path(ns)    Netlist Resource(s)
  -------------------------------------------------------------------    -------------------
    SLICE_X64Y28         FDRE                         0.000     0.000 r  DebouncerCount/counter_reg[0]/C
    SLICE_X64Y28         FDRE (Prop_fdre_C_Q)         0.164     0.164 f  DebouncerCount/counter_reg[0]/Q
                         net (fo=2, routed)           0.175     0.339    DebouncerCount/SSD1/numar_reg[0]
    SLICE_X64Y28         LUT1 (Prop_lut1_I0_O)        0.045     0.384 r  DebouncerCount/counter[0]_i_2/O
                         net (fo=1, routed)           0.000     0.384    DebouncerCount/counter[0]_i_2_n_0
    SLICE_X64Y28         CARRY4 (Prop_carry4_S[0]_O[0])
                                                      0.070     0.454 r  DebouncerCount/counter_reg[0]_i_1/O[0]
                         net (fo=1, routed)           0.000     0.454    DebouncerCount/counter_reg[0]_i_1_n_7
    SLICE_X64Y28         FDRE                                         r  DebouncerCount/counter_reg[0]/D
  -------------------------------------------------------------------    -------------------





